{"/Users/m0g01m5/dev/fiber/stickerfy/webapp/src/lib/components/Checkout.svelte": {"path":"/Users/m0g01m5/dev/fiber/stickerfy/webapp/src/lib/components/Checkout.svelte","statementMap":{"0":{"start":{"line":4,"column":304},"end":{"line":4,"column":330}},"1":{"start":{"line":5,"column":61},"end":{"line":5,"column":96}},"2":{"start":{"line":6,"column":13},"end":{"line":6,"column":30}},"3":{"start":{"line":9,"column":19},"end":{"line":9,"column":30}},"4":{"start":{"line":10,"column":1},"end":{"line":10,"column":25}},"5":{"start":{"line":11,"column":1},"end":{"line":11,"column":18}},"6":{"start":{"line":32,"column":15},"end":{"line":88,"column":2}},"7":{"start":{"line":34,"column":3},"end":{"line":34,"column":25}},"8":{"start":{"line":35,"column":3},"end":{"line":35,"column":20}},"9":{"start":{"line":36,"column":3},"end":{"line":36,"column":16}},"10":{"start":{"line":37,"column":3},"end":{"line":37,"column":25}},"11":{"start":{"line":38,"column":3},"end":{"line":38,"column":21}},"12":{"start":{"line":39,"column":3},"end":{"line":39,"column":30}},"13":{"start":{"line":40,"column":3},"end":{"line":40,"column":55}},"14":{"start":{"line":41,"column":3},"end":{"line":41,"column":16}},"15":{"start":{"line":42,"column":3},"end":{"line":42,"column":21}},"16":{"start":{"line":43,"column":3},"end":{"line":43,"column":31}},"17":{"start":{"line":44,"column":3},"end":{"line":44,"column":26}},"18":{"start":{"line":45,"column":3},"end":{"line":45,"column":19}},"19":{"start":{"line":46,"column":3},"end":{"line":46,"column":36}},"20":{"start":{"line":47,"column":3},"end":{"line":47,"column":34}},"21":{"start":{"line":48,"column":3},"end":{"line":48,"column":16}},"22":{"start":{"line":49,"column":3},"end":{"line":49,"column":21}},"23":{"start":{"line":50,"column":3},"end":{"line":50,"column":69}},"24":{"start":{"line":51,"column":3},"end":{"line":51,"column":58}},"25":{"start":{"line":52,"column":3},"end":{"line":52,"column":38}},"26":{"start":{"line":53,"column":3},"end":{"line":53,"column":41}},"27":{"start":{"line":54,"column":3},"end":{"line":54,"column":43}},"28":{"start":{"line":55,"column":3},"end":{"line":55,"column":39}},"29":{"start":{"line":56,"column":3},"end":{"line":56,"column":55}},"30":{"start":{"line":57,"column":3},"end":{"line":57,"column":47}},"31":{"start":{"line":58,"column":3},"end":{"line":58,"column":42}},"32":{"start":{"line":59,"column":3},"end":{"line":59,"column":39}},"33":{"start":{"line":60,"column":3},"end":{"line":60,"column":39}},"34":{"start":{"line":61,"column":3},"end":{"line":61,"column":41}},"35":{"start":{"line":64,"column":3},"end":{"line":64,"column":36}},"36":{"start":{"line":65,"column":3},"end":{"line":65,"column":23}},"37":{"start":{"line":66,"column":3},"end":{"line":66,"column":34}},"38":{"start":{"line":67,"column":3},"end":{"line":67,"column":36}},"39":{"start":{"line":68,"column":3},"end":{"line":68,"column":24}},"40":{"start":{"line":69,"column":3},"end":{"line":69,"column":26}},"41":{"start":{"line":70,"column":3},"end":{"line":70,"column":24}},"42":{"start":{"line":71,"column":3},"end":{"line":71,"column":24}},"43":{"start":{"line":72,"column":3},"end":{"line":72,"column":22}},"44":{"start":{"line":73,"column":3},"end":{"line":73,"column":24}},"45":{"start":{"line":74,"column":3},"end":{"line":74,"column":24}},"46":{"start":{"line":75,"column":3},"end":{"line":75,"column":24}},"47":{"start":{"line":76,"column":3},"end":{"line":76,"column":22}},"48":{"start":{"line":77,"column":3},"end":{"line":77,"column":24}},"49":{"start":{"line":78,"column":3},"end":{"line":78,"column":24}},"50":{"start":{"line":81,"column":3},"end":{"line":81,"column":74}},"51":{"start":{"line":81,"column":34},"end":{"line":81,"column":74}},"52":{"start":{"line":84,"column":3},"end":{"line":84,"column":35}},"53":{"start":{"line":84,"column":18},"end":{"line":84,"column":35}},"54":{"start":{"line":85,"column":3},"end":{"line":85,"column":33}},"55":{"start":{"line":85,"column":18},"end":{"line":85,"column":33}},"56":{"start":{"line":86,"column":3},"end":{"line":86,"column":35}},"57":{"start":{"line":86,"column":18},"end":{"line":86,"column":35}},"58":{"start":{"line":90,"column":1},"end":{"line":96,"column":4}},"59":{"start":{"line":98,"column":1},"end":{"line":98,"column":14}},"60":{"start":{"line":122,"column":36},"end":{"line":122,"column":42}},"61":{"start":{"line":123,"column":1},"end":{"line":123,"column":36}},"62":{"start":{"line":124,"column":19},"end":{"line":124,"column":21}},"63":{"start":{"line":126,"column":1},"end":{"line":128,"column":2}},"64":{"start":{"line":126,"column":14},"end":{"line":126,"column":15}},"65":{"start":{"line":127,"column":2},"end":{"line":127,"column":75}},"66":{"start":{"line":130,"column":15},"end":{"line":239,"column":2}},"67":{"start":{"line":132,"column":3},"end":{"line":132,"column":25}},"68":{"start":{"line":133,"column":3},"end":{"line":133,"column":28}},"69":{"start":{"line":134,"column":3},"end":{"line":134,"column":28}},"70":{"start":{"line":135,"column":3},"end":{"line":135,"column":22}},"71":{"start":{"line":136,"column":3},"end":{"line":136,"column":23}},"72":{"start":{"line":137,"column":3},"end":{"line":137,"column":16}},"73":{"start":{"line":138,"column":3},"end":{"line":138,"column":23}},"74":{"start":{"line":139,"column":3},"end":{"line":139,"column":28}},"75":{"start":{"line":140,"column":3},"end":{"line":140,"column":16}},"76":{"start":{"line":141,"column":3},"end":{"line":141,"column":23}},"77":{"start":{"line":142,"column":3},"end":{"line":142,"column":32}},"78":{"start":{"line":143,"column":3},"end":{"line":143,"column":16}},"79":{"start":{"line":144,"column":3},"end":{"line":144,"column":23}},"80":{"start":{"line":145,"column":3},"end":{"line":145,"column":32}},"81":{"start":{"line":146,"column":3},"end":{"line":146,"column":16}},"82":{"start":{"line":147,"column":3},"end":{"line":147,"column":28}},"83":{"start":{"line":149,"column":3},"end":{"line":151,"column":4}},"84":{"start":{"line":149,"column":16},"end":{"line":149,"column":17}},"85":{"start":{"line":150,"column":4},"end":{"line":150,"column":23}},"86":{"start":{"line":153,"column":3},"end":{"line":153,"column":16}},"87":{"start":{"line":154,"column":3},"end":{"line":154,"column":25}},"88":{"start":{"line":155,"column":3},"end":{"line":155,"column":22}},"89":{"start":{"line":156,"column":3},"end":{"line":156,"column":49}},"90":{"start":{"line":157,"column":3},"end":{"line":157,"column":26}},"91":{"start":{"line":158,"column":3},"end":{"line":158,"column":31}},"92":{"start":{"line":159,"column":3},"end":{"line":159,"column":40}},"93":{"start":{"line":160,"column":3},"end":{"line":160,"column":39}},"94":{"start":{"line":161,"column":3},"end":{"line":161,"column":40}},"95":{"start":{"line":162,"column":3},"end":{"line":162,"column":39}},"96":{"start":{"line":163,"column":3},"end":{"line":163,"column":40}},"97":{"start":{"line":164,"column":3},"end":{"line":164,"column":40}},"98":{"start":{"line":165,"column":3},"end":{"line":165,"column":40}},"99":{"start":{"line":166,"column":3},"end":{"line":166,"column":39}},"100":{"start":{"line":167,"column":3},"end":{"line":167,"column":42}},"101":{"start":{"line":168,"column":3},"end":{"line":168,"column":42}},"102":{"start":{"line":169,"column":3},"end":{"line":169,"column":61}},"103":{"start":{"line":170,"column":3},"end":{"line":170,"column":42}},"104":{"start":{"line":171,"column":3},"end":{"line":171,"column":39}},"105":{"start":{"line":172,"column":3},"end":{"line":172,"column":36}},"106":{"start":{"line":173,"column":3},"end":{"line":173,"column":42}},"107":{"start":{"line":174,"column":3},"end":{"line":174,"column":41}},"108":{"start":{"line":175,"column":3},"end":{"line":175,"column":62}},"109":{"start":{"line":176,"column":3},"end":{"line":176,"column":41}},"110":{"start":{"line":177,"column":3},"end":{"line":177,"column":46}},"111":{"start":{"line":178,"column":3},"end":{"line":178,"column":41}},"112":{"start":{"line":181,"column":3},"end":{"line":181,"column":36}},"113":{"start":{"line":182,"column":3},"end":{"line":182,"column":27}},"114":{"start":{"line":183,"column":3},"end":{"line":183,"column":28}},"115":{"start":{"line":184,"column":3},"end":{"line":184,"column":25}},"116":{"start":{"line":185,"column":3},"end":{"line":185,"column":23}},"117":{"start":{"line":186,"column":3},"end":{"line":186,"column":22}},"118":{"start":{"line":187,"column":3},"end":{"line":187,"column":23}},"119":{"start":{"line":188,"column":3},"end":{"line":188,"column":22}},"120":{"start":{"line":189,"column":3},"end":{"line":189,"column":23}},"121":{"start":{"line":190,"column":3},"end":{"line":190,"column":22}},"122":{"start":{"line":191,"column":3},"end":{"line":191,"column":23}},"123":{"start":{"line":192,"column":3},"end":{"line":192,"column":25}},"124":{"start":{"line":193,"column":3},"end":{"line":193,"column":28}},"125":{"start":{"line":195,"column":3},"end":{"line":199,"column":4}},"126":{"start":{"line":195,"column":16},"end":{"line":195,"column":17}},"127":{"start":{"line":196,"column":4},"end":{"line":198,"column":5}},"128":{"start":{"line":197,"column":5},"end":{"line":197,"column":35}},"129":{"start":{"line":201,"column":3},"end":{"line":201,"column":24}},"130":{"start":{"line":202,"column":3},"end":{"line":202,"column":26}},"131":{"start":{"line":203,"column":3},"end":{"line":203,"column":24}},"132":{"start":{"line":204,"column":3},"end":{"line":204,"column":24}},"133":{"start":{"line":205,"column":3},"end":{"line":205,"column":26}},"134":{"start":{"line":206,"column":3},"end":{"line":206,"column":24}},"135":{"start":{"line":209,"column":3},"end":{"line":231,"column":4}},"136":{"start":{"line":210,"column":4},"end":{"line":210,"column":42}},"137":{"start":{"line":211,"column":4},"end":{"line":211,"column":39}},"138":{"start":{"line":214,"column":4},"end":{"line":224,"column":5}},"139":{"start":{"line":215,"column":23},"end":{"line":215,"column":59}},"140":{"start":{"line":217,"column":5},"end":{"line":223,"column":6}},"141":{"start":{"line":218,"column":6},"end":{"line":218,"column":41}},"142":{"start":{"line":220,"column":6},"end":{"line":220,"column":52}},"143":{"start":{"line":221,"column":6},"end":{"line":221,"column":25}},"144":{"start":{"line":222,"column":6},"end":{"line":222,"column":36}},"145":{"start":{"line":226,"column":4},"end":{"line":228,"column":5}},"146":{"start":{"line":227,"column":5},"end":{"line":227,"column":25}},"147":{"start":{"line":230,"column":4},"end":{"line":230,"column":43}},"148":{"start":{"line":233,"column":3},"end":{"line":233,"column":64}},"149":{"start":{"line":233,"column":29},"end":{"line":233,"column":64}},"150":{"start":{"line":236,"column":3},"end":{"line":236,"column":35}},"151":{"start":{"line":236,"column":18},"end":{"line":236,"column":35}},"152":{"start":{"line":237,"column":3},"end":{"line":237,"column":40}},"153":{"start":{"line":241,"column":1},"end":{"line":247,"column":4}},"154":{"start":{"line":249,"column":1},"end":{"line":249,"column":14}},"155":{"start":{"line":261,"column":25},"end":{"line":261,"column":51}},"156":{"start":{"line":265,"column":25},"end":{"line":265,"column":46}},"157":{"start":{"line":270,"column":25},"end":{"line":270,"column":79}},"158":{"start":{"line":275,"column":15},"end":{"line":339,"column":2}},"159":{"start":{"line":277,"column":3},"end":{"line":277,"column":22}},"160":{"start":{"line":278,"column":3},"end":{"line":278,"column":23}},"161":{"start":{"line":279,"column":3},"end":{"line":279,"column":24}},"162":{"start":{"line":280,"column":3},"end":{"line":280,"column":16}},"163":{"start":{"line":281,"column":3},"end":{"line":281,"column":23}},"164":{"start":{"line":282,"column":3},"end":{"line":282,"column":23}},"165":{"start":{"line":283,"column":3},"end":{"line":283,"column":16}},"166":{"start":{"line":284,"column":3},"end":{"line":284,"column":23}},"167":{"start":{"line":285,"column":3},"end":{"line":285,"column":23}},"168":{"start":{"line":286,"column":3},"end":{"line":286,"column":16}},"169":{"start":{"line":287,"column":3},"end":{"line":287,"column":23}},"170":{"start":{"line":288,"column":3},"end":{"line":288,"column":19}},"171":{"start":{"line":289,"column":3},"end":{"line":289,"column":23}},"172":{"start":{"line":290,"column":3},"end":{"line":290,"column":16}},"173":{"start":{"line":291,"column":3},"end":{"line":291,"column":43}},"174":{"start":{"line":292,"column":3},"end":{"line":292,"column":121}},"175":{"start":{"line":292,"column":85},"end":{"line":292,"column":121}},"176":{"start":{"line":293,"column":3},"end":{"line":293,"column":69}},"177":{"start":{"line":294,"column":3},"end":{"line":294,"column":40}},"178":{"start":{"line":295,"column":3},"end":{"line":295,"column":40}},"179":{"start":{"line":296,"column":3},"end":{"line":296,"column":40}},"180":{"start":{"line":297,"column":3},"end":{"line":297,"column":40}},"181":{"start":{"line":298,"column":3},"end":{"line":298,"column":40}},"182":{"start":{"line":299,"column":3},"end":{"line":299,"column":99}},"183":{"start":{"line":300,"column":3},"end":{"line":300,"column":40}},"184":{"start":{"line":301,"column":3},"end":{"line":301,"column":39}},"185":{"start":{"line":304,"column":3},"end":{"line":304,"column":34}},"186":{"start":{"line":305,"column":3},"end":{"line":305,"column":23}},"187":{"start":{"line":306,"column":3},"end":{"line":306,"column":24}},"188":{"start":{"line":307,"column":3},"end":{"line":307,"column":22}},"189":{"start":{"line":308,"column":3},"end":{"line":308,"column":23}},"190":{"start":{"line":309,"column":3},"end":{"line":309,"column":23}},"191":{"start":{"line":310,"column":3},"end":{"line":310,"column":22}},"192":{"start":{"line":311,"column":3},"end":{"line":311,"column":23}},"193":{"start":{"line":312,"column":3},"end":{"line":312,"column":23}},"194":{"start":{"line":313,"column":3},"end":{"line":313,"column":22}},"195":{"start":{"line":314,"column":3},"end":{"line":314,"column":23}},"196":{"start":{"line":315,"column":3},"end":{"line":315,"column":23}},"197":{"start":{"line":316,"column":3},"end":{"line":316,"column":23}},"198":{"start":{"line":317,"column":3},"end":{"line":317,"column":22}},"199":{"start":{"line":320,"column":3},"end":{"line":322,"column":4}},"200":{"start":{"line":321,"column":4},"end":{"line":321,"column":40}},"201":{"start":{"line":324,"column":3},"end":{"line":326,"column":4}},"202":{"start":{"line":325,"column":4},"end":{"line":325,"column":40}},"203":{"start":{"line":328,"column":3},"end":{"line":328,"column":128}},"204":{"start":{"line":328,"column":101},"end":{"line":328,"column":128}},"205":{"start":{"line":329,"column":3},"end":{"line":329,"column":123}},"206":{"start":{"line":329,"column":96},"end":{"line":329,"column":123}},"207":{"start":{"line":330,"column":3},"end":{"line":330,"column":156}},"208":{"start":{"line":330,"column":129},"end":{"line":330,"column":156}},"209":{"start":{"line":332,"column":3},"end":{"line":334,"column":4}},"210":{"start":{"line":333,"column":4},"end":{"line":333,"column":56}},"211":{"start":{"line":337,"column":3},"end":{"line":337,"column":33}},"212":{"start":{"line":337,"column":18},"end":{"line":337,"column":33}},"213":{"start":{"line":341,"column":1},"end":{"line":347,"column":4}},"214":{"start":{"line":349,"column":1},"end":{"line":349,"column":14}},"215":{"start":{"line":360,"column":15},"end":{"line":386,"column":2}},"216":{"start":{"line":362,"column":3},"end":{"line":362,"column":30}},"217":{"start":{"line":363,"column":3},"end":{"line":363,"column":25}},"218":{"start":{"line":364,"column":3},"end":{"line":364,"column":114}},"219":{"start":{"line":365,"column":3},"end":{"line":365,"column":43}},"220":{"start":{"line":368,"column":3},"end":{"line":368,"column":38}},"221":{"start":{"line":369,"column":3},"end":{"line":369,"column":25}},"222":{"start":{"line":371,"column":3},"end":{"line":374,"column":4}},"223":{"start":{"line":372,"column":4},"end":{"line":372,"column":91}},"224":{"start":{"line":373,"column":4},"end":{"line":373,"column":19}},"225":{"start":{"line":377,"column":3},"end":{"line":379,"column":4}},"226":{"start":{"line":378,"column":4},"end":{"line":378,"column":50}},"227":{"start":{"line":382,"column":3},"end":{"line":382,"column":37}},"228":{"start":{"line":382,"column":18},"end":{"line":382,"column":37}},"229":{"start":{"line":383,"column":3},"end":{"line":383,"column":19}},"230":{"start":{"line":384,"column":3},"end":{"line":384,"column":13}},"231":{"start":{"line":388,"column":1},"end":{"line":394,"column":4}},"232":{"start":{"line":396,"column":1},"end":{"line":396,"column":14}},"233":{"start":{"line":405,"column":15},"end":{"line":426,"column":2}},"234":{"start":{"line":407,"column":3},"end":{"line":407,"column":30}},"235":{"start":{"line":408,"column":3},"end":{"line":408,"column":44}},"236":{"start":{"line":409,"column":3},"end":{"line":409,"column":46}},"237":{"start":{"line":410,"column":3},"end":{"line":410,"column":44}},"238":{"start":{"line":413,"column":3},"end":{"line":413,"column":38}},"239":{"start":{"line":415,"column":3},"end":{"line":418,"column":4}},"240":{"start":{"line":416,"column":4},"end":{"line":416,"column":99}},"241":{"start":{"line":417,"column":4},"end":{"line":417,"column":19}},"242":{"start":{"line":422,"column":3},"end":{"line":422,"column":37}},"243":{"start":{"line":422,"column":18},"end":{"line":422,"column":37}},"244":{"start":{"line":423,"column":3},"end":{"line":423,"column":19}},"245":{"start":{"line":424,"column":3},"end":{"line":424,"column":13}},"246":{"start":{"line":428,"column":1},"end":{"line":434,"column":4}},"247":{"start":{"line":436,"column":1},"end":{"line":436,"column":14}},"248":{"start":{"line":452,"column":2},"end":{"line":452,"column":61}},"249":{"start":{"line":452,"column":36},"end":{"line":452,"column":61}},"250":{"start":{"line":453,"column":2},"end":{"line":453,"column":27}},"251":{"start":{"line":456,"column":26},"end":{"line":456,"column":52}},"252":{"start":{"line":457,"column":17},"end":{"line":457,"column":40}},"253":{"start":{"line":458,"column":43},"end":{"line":458,"column":75}},"254":{"start":{"line":459,"column":40},"end":{"line":459,"column":70}},"255":{"start":{"line":461,"column":15},"end":{"line":556,"column":2}},"256":{"start":{"line":463,"column":3},"end":{"line":463,"column":25}},"257":{"start":{"line":464,"column":3},"end":{"line":464,"column":25}},"258":{"start":{"line":465,"column":3},"end":{"line":465,"column":17}},"259":{"start":{"line":466,"column":3},"end":{"line":466,"column":16}},"260":{"start":{"line":467,"column":3},"end":{"line":467,"column":25}},"261":{"start":{"line":468,"column":3},"end":{"line":468,"column":30}},"262":{"start":{"line":469,"column":3},"end":{"line":469,"column":32}},"263":{"start":{"line":470,"column":3},"end":{"line":470,"column":16}},"264":{"start":{"line":471,"column":3},"end":{"line":471,"column":32}},"265":{"start":{"line":471,"column":18},"end":{"line":471,"column":32}},"266":{"start":{"line":472,"column":3},"end":{"line":472,"column":16}},"267":{"start":{"line":473,"column":3},"end":{"line":473,"column":32}},"268":{"start":{"line":473,"column":18},"end":{"line":473,"column":32}},"269":{"start":{"line":474,"column":3},"end":{"line":474,"column":36}},"270":{"start":{"line":475,"column":3},"end":{"line":475,"column":43}},"271":{"start":{"line":476,"column":3},"end":{"line":476,"column":43}},"272":{"start":{"line":477,"column":3},"end":{"line":477,"column":41}},"273":{"start":{"line":478,"column":3},"end":{"line":478,"column":40}},"274":{"start":{"line":479,"column":3},"end":{"line":479,"column":41}},"275":{"start":{"line":480,"column":3},"end":{"line":480,"column":108}},"276":{"start":{"line":481,"column":3},"end":{"line":481,"column":41}},"277":{"start":{"line":484,"column":3},"end":{"line":484,"column":114}},"278":{"start":{"line":487,"column":3},"end":{"line":487,"column":36}},"279":{"start":{"line":488,"column":3},"end":{"line":488,"column":26}},"280":{"start":{"line":489,"column":3},"end":{"line":489,"column":27}},"281":{"start":{"line":490,"column":3},"end":{"line":490,"column":24}},"282":{"start":{"line":491,"column":3},"end":{"line":491,"column":26}},"283":{"start":{"line":492,"column":3},"end":{"line":492,"column":28}},"284":{"start":{"line":493,"column":3},"end":{"line":493,"column":24}},"285":{"start":{"line":494,"column":3},"end":{"line":494,"column":42}},"286":{"start":{"line":494,"column":18},"end":{"line":494,"column":42}},"287":{"start":{"line":495,"column":3},"end":{"line":495,"column":24}},"288":{"start":{"line":496,"column":3},"end":{"line":496,"column":42}},"289":{"start":{"line":496,"column":18},"end":{"line":496,"column":42}},"290":{"start":{"line":498,"column":3},"end":{"line":501,"column":4}},"291":{"start":{"line":499,"column":4},"end":{"line":499,"column":96}},"292":{"start":{"line":500,"column":4},"end":{"line":500,"column":19}},"293":{"start":{"line":504,"column":3},"end":{"line":514,"column":4}},"294":{"start":{"line":505,"column":4},"end":{"line":505,"column":28}},"295":{"start":{"line":507,"column":4},"end":{"line":507,"column":19}},"296":{"start":{"line":508,"column":4},"end":{"line":508,"column":40}},"297":{"start":{"line":510,"column":4},"end":{"line":513,"column":5}},"298":{"start":{"line":511,"column":5},"end":{"line":511,"column":19}},"299":{"start":{"line":512,"column":5},"end":{"line":512,"column":27}},"300":{"start":{"line":516,"column":3},"end":{"line":527,"column":4}},"301":{"start":{"line":517,"column":4},"end":{"line":523,"column":5}},"302":{"start":{"line":518,"column":5},"end":{"line":518,"column":29}},"303":{"start":{"line":520,"column":5},"end":{"line":520,"column":40}},"304":{"start":{"line":521,"column":5},"end":{"line":521,"column":19}},"305":{"start":{"line":522,"column":5},"end":{"line":522,"column":27}},"306":{"start":{"line":524,"column":10},"end":{"line":527,"column":4}},"307":{"start":{"line":525,"column":4},"end":{"line":525,"column":19}},"308":{"start":{"line":526,"column":4},"end":{"line":526,"column":21}},"309":{"start":{"line":529,"column":3},"end":{"line":540,"column":4}},"310":{"start":{"line":530,"column":4},"end":{"line":536,"column":5}},"311":{"start":{"line":531,"column":5},"end":{"line":531,"column":29}},"312":{"start":{"line":533,"column":5},"end":{"line":533,"column":38}},"313":{"start":{"line":534,"column":5},"end":{"line":534,"column":19}},"314":{"start":{"line":535,"column":5},"end":{"line":535,"column":29}},"315":{"start":{"line":537,"column":10},"end":{"line":540,"column":4}},"316":{"start":{"line":538,"column":4},"end":{"line":538,"column":19}},"317":{"start":{"line":539,"column":4},"end":{"line":539,"column":21}},"318":{"start":{"line":542,"column":3},"end":{"line":544,"column":4}},"319":{"start":{"line":543,"column":4},"end":{"line":543,"column":46}},"320":{"start":{"line":549,"column":3},"end":{"line":549,"column":35}},"321":{"start":{"line":549,"column":18},"end":{"line":549,"column":35}},"322":{"start":{"line":550,"column":3},"end":{"line":550,"column":17}},"323":{"start":{"line":551,"column":3},"end":{"line":551,"column":32}},"324":{"start":{"line":551,"column":18},"end":{"line":551,"column":32}},"325":{"start":{"line":552,"column":3},"end":{"line":552,"column":32}},"326":{"start":{"line":552,"column":18},"end":{"line":552,"column":32}},"327":{"start":{"line":553,"column":3},"end":{"line":553,"column":19}},"328":{"start":{"line":554,"column":3},"end":{"line":554,"column":13}},"329":{"start":{"line":558,"column":1},"end":{"line":564,"column":4}},"330":{"start":{"line":566,"column":1},"end":{"line":566,"column":14}},"331":{"start":{"line":573,"column":1},"end":{"line":573,"column":46}},"332":{"start":{"line":574,"column":1},"end":{"line":574,"column":96}},"333":{"start":{"line":574,"column":54},"end":{"line":574,"column":94}},"334":{"start":{"line":575,"column":1},"end":{"line":575,"column":52}},"335":{"start":{"line":576,"column":1},"end":{"line":576,"column":102}},"336":{"start":{"line":576,"column":57},"end":{"line":576,"column":100}},"337":{"start":{"line":577,"column":40},"end":{"line":577,"column":47}},"338":{"start":{"line":578,"column":1},"end":{"line":578,"column":39}},"339":{"start":{"line":579,"column":25},"end":{"line":579,"column":29}},"340":{"start":{"line":580,"column":19},"end":{"line":580,"column":24}},"341":{"start":{"line":581,"column":29},"end":{"line":581,"column":33}},"342":{"start":{"line":582,"column":26},"end":{"line":582,"column":31}},"343":{"start":{"line":583,"column":18},"end":{"line":583,"column":19}},"344":{"start":{"line":585,"column":18},"end":{"line":608,"column":2}},"345":{"start":{"line":586,"column":2},"end":{"line":586,"column":38}},"346":{"start":{"line":587,"column":14},"end":{"line":587,"column":26}},"347":{"start":{"line":589,"column":2},"end":{"line":607,"column":3}},"348":{"start":{"line":590,"column":18},"end":{"line":594,"column":5}},"349":{"start":{"line":596,"column":16},"end":{"line":596,"column":35}},"350":{"start":{"line":597,"column":3},"end":{"line":597,"column":39}},"351":{"start":{"line":598,"column":3},"end":{"line":598,"column":23}},"352":{"start":{"line":599,"column":3},"end":{"line":599,"column":40}},"353":{"start":{"line":600,"column":3},"end":{"line":600,"column":46}},"354":{"start":{"line":601,"column":3},"end":{"line":601,"column":50}},"355":{"start":{"line":602,"column":3},"end":{"line":602,"column":29}},"356":{"start":{"line":604,"column":3},"end":{"line":604,"column":50}},"357":{"start":{"line":605,"column":3},"end":{"line":605,"column":46}},"358":{"start":{"line":606,"column":3},"end":{"line":606,"column":12}},"359":{"start":{"line":610,"column":24},"end":{"line":610,"column":26}},"360":{"start":{"line":612,"column":1},"end":{"line":614,"column":4}},"361":{"start":{"line":613,"column":2},"end":{"line":613,"column":149}},"362":{"start":{"line":613,"column":83},"end":{"line":613,"column":149}},"363":{"start":{"line":616,"column":23},"end":{"line":622,"column":2}},"364":{"start":{"line":617,"column":2},"end":{"line":617,"column":79}},"365":{"start":{"line":618,"column":2},"end":{"line":618,"column":44}},"366":{"start":{"line":619,"column":2},"end":{"line":619,"column":48}},"367":{"start":{"line":620,"column":2},"end":{"line":620,"column":46}},"368":{"start":{"line":621,"column":2},"end":{"line":621,"column":39}},"369":{"start":{"line":624,"column":25},"end":{"line":628,"column":2}},"370":{"start":{"line":625,"column":2},"end":{"line":625,"column":46}},"371":{"start":{"line":626,"column":2},"end":{"line":626,"column":48}},"372":{"start":{"line":627,"column":2},"end":{"line":627,"column":39}},"373":{"start":{"line":630,"column":1},"end":{"line":643,"column":4}},"374":{"start":{"line":630,"column":32},"end":{"line":643,"column":2}},"375":{"start":{"line":645,"column":1},"end":{"line":652,"column":3}},"376":{"start":{"line":646,"column":2},"end":{"line":646,"column":101}},"377":{"start":{"line":646,"column":38},"end":{"line":646,"column":101}},"378":{"start":{"line":647,"column":2},"end":{"line":647,"column":83}},"379":{"start":{"line":647,"column":32},"end":{"line":647,"column":83}},"380":{"start":{"line":648,"column":2},"end":{"line":648,"column":113}},"381":{"start":{"line":648,"column":42},"end":{"line":648,"column":113}},"382":{"start":{"line":649,"column":2},"end":{"line":649,"column":104}},"383":{"start":{"line":649,"column":39},"end":{"line":649,"column":104}},"384":{"start":{"line":650,"column":2},"end":{"line":650,"column":80}},"385":{"start":{"line":650,"column":31},"end":{"line":650,"column":80}},"386":{"start":{"line":651,"column":2},"end":{"line":651,"column":65}},"387":{"start":{"line":651,"column":26},"end":{"line":651,"column":65}},"388":{"start":{"line":654,"column":1},"end":{"line":656,"column":2}},"389":{"start":{"line":655,"column":2},"end":{"line":655,"column":41}},"390":{"start":{"line":658,"column":1},"end":{"line":662,"column":3}},"391":{"start":{"line":659,"column":2},"end":{"line":661,"column":3}},"392":{"start":{"line":660,"column":3},"end":{"line":660,"column":112}},"393":{"start":{"line":660,"column":6},"end":{"line":660,"column":112}},"394":{"start":{"line":660,"column":66},"end":{"line":660,"column":106}},"395":{"start":{"line":664,"column":1},"end":{"line":676,"column":3}},"396":{"start":{"line":681,"column":2},"end":{"line":681,"column":17}},"397":{"start":{"line":682,"column":2},"end":{"line":682,"column":69}},"398":{"start":{"line":684,"column":2},"end":{"line":689,"column":5}},"399":{"start":{"line":693,"column":0},"end":{"line":693,"column":27}},"400":{"start":{"line":693,"column":27},"end":{"line":693,"column":89}}},"fnMap":{"0":{"name":"get_each_context","decl":{"start":{"line":8,"column":9},"end":{"line":8,"column":25}},"loc":{"start":{"line":8,"column":40},"end":{"line":12,"column":1}},"line":8},"1":{"name":"create_else_block","decl":{"start":{"line":15,"column":9},"end":{"line":15,"column":26}},"loc":{"start":{"line":15,"column":32},"end":{"line":99,"column":1}},"line":15},"2":{"name":"create","decl":{"start":{"line":33,"column":14},"end":{"line":33,"column":20}},"loc":{"start":{"line":33,"column":23},"end":{"line":62,"column":3}},"line":33},"3":{"name":"mount","decl":{"start":{"line":63,"column":14},"end":{"line":63,"column":19}},"loc":{"start":{"line":63,"column":36},"end":{"line":79,"column":3}},"line":63},"4":{"name":"update","decl":{"start":{"line":80,"column":14},"end":{"line":80,"column":20}},"loc":{"start":{"line":80,"column":33},"end":{"line":82,"column":3}},"line":80},"5":{"name":"destroy","decl":{"start":{"line":83,"column":14},"end":{"line":83,"column":21}},"loc":{"start":{"line":83,"column":33},"end":{"line":87,"column":3}},"line":83},"6":{"name":"create_if_block_2","decl":{"start":{"line":102,"column":9},"end":{"line":102,"column":26}},"loc":{"start":{"line":102,"column":32},"end":{"line":250,"column":1}},"line":102},"7":{"name":"create","decl":{"start":{"line":131,"column":14},"end":{"line":131,"column":20}},"loc":{"start":{"line":131,"column":23},"end":{"line":179,"column":3}},"line":131},"8":{"name":"mount","decl":{"start":{"line":180,"column":14},"end":{"line":180,"column":19}},"loc":{"start":{"line":180,"column":36},"end":{"line":207,"column":3}},"line":180},"9":{"name":"update","decl":{"start":{"line":208,"column":14},"end":{"line":208,"column":20}},"loc":{"start":{"line":208,"column":33},"end":{"line":234,"column":3}},"line":208},"10":{"name":"destroy","decl":{"start":{"line":235,"column":14},"end":{"line":235,"column":21}},"loc":{"start":{"line":235,"column":33},"end":{"line":238,"column":3}},"line":235},"11":{"name":"create_each_block","decl":{"start":{"line":253,"column":9},"end":{"line":253,"column":26}},"loc":{"start":{"line":253,"column":32},"end":{"line":350,"column":1}},"line":253},"12":{"name":"create","decl":{"start":{"line":276,"column":14},"end":{"line":276,"column":20}},"loc":{"start":{"line":276,"column":23},"end":{"line":302,"column":3}},"line":276},"13":{"name":"mount","decl":{"start":{"line":303,"column":14},"end":{"line":303,"column":19}},"loc":{"start":{"line":303,"column":36},"end":{"line":318,"column":3}},"line":303},"14":{"name":"update","decl":{"start":{"line":319,"column":14},"end":{"line":319,"column":20}},"loc":{"start":{"line":319,"column":33},"end":{"line":335,"column":3}},"line":319},"15":{"name":"destroy","decl":{"start":{"line":336,"column":14},"end":{"line":336,"column":21}},"loc":{"start":{"line":336,"column":33},"end":{"line":338,"column":3}},"line":336},"16":{"name":"create_if_block_1","decl":{"start":{"line":353,"column":9},"end":{"line":353,"column":26}},"loc":{"start":{"line":353,"column":32},"end":{"line":397,"column":1}},"line":353},"17":{"name":"create","decl":{"start":{"line":361,"column":14},"end":{"line":361,"column":20}},"loc":{"start":{"line":361,"column":23},"end":{"line":366,"column":3}},"line":361},"18":{"name":"mount","decl":{"start":{"line":367,"column":14},"end":{"line":367,"column":19}},"loc":{"start":{"line":367,"column":36},"end":{"line":375,"column":3}},"line":367},"19":{"name":"update","decl":{"start":{"line":376,"column":14},"end":{"line":376,"column":20}},"loc":{"start":{"line":376,"column":33},"end":{"line":380,"column":3}},"line":376},"20":{"name":"destroy","decl":{"start":{"line":381,"column":14},"end":{"line":381,"column":21}},"loc":{"start":{"line":381,"column":33},"end":{"line":385,"column":3}},"line":381},"21":{"name":"create_if_block","decl":{"start":{"line":400,"column":9},"end":{"line":400,"column":24}},"loc":{"start":{"line":400,"column":30},"end":{"line":437,"column":1}},"line":400},"22":{"name":"create","decl":{"start":{"line":406,"column":14},"end":{"line":406,"column":20}},"loc":{"start":{"line":406,"column":23},"end":{"line":411,"column":3}},"line":406},"23":{"name":"mount","decl":{"start":{"line":412,"column":14},"end":{"line":412,"column":19}},"loc":{"start":{"line":412,"column":36},"end":{"line":419,"column":3}},"line":412},"24":{"name":"destroy","decl":{"start":{"line":421,"column":14},"end":{"line":421,"column":21}},"loc":{"start":{"line":421,"column":33},"end":{"line":425,"column":3}},"line":421},"25":{"name":"create_fragment","decl":{"start":{"line":439,"column":9},"end":{"line":439,"column":24}},"loc":{"start":{"line":439,"column":30},"end":{"line":567,"column":1}},"line":439},"26":{"name":"select_block_type","decl":{"start":{"line":451,"column":10},"end":{"line":451,"column":27}},"loc":{"start":{"line":451,"column":40},"end":{"line":454,"column":2}},"line":451},"27":{"name":"create","decl":{"start":{"line":462,"column":14},"end":{"line":462,"column":20}},"loc":{"start":{"line":462,"column":23},"end":{"line":482,"column":3}},"line":462},"28":{"name":"claim","decl":{"start":{"line":483,"column":14},"end":{"line":483,"column":19}},"loc":{"start":{"line":483,"column":27},"end":{"line":485,"column":3}},"line":483},"29":{"name":"mount","decl":{"start":{"line":486,"column":14},"end":{"line":486,"column":19}},"loc":{"start":{"line":486,"column":36},"end":{"line":502,"column":3}},"line":486},"30":{"name":"update","decl":{"start":{"line":503,"column":14},"end":{"line":503,"column":20}},"loc":{"start":{"line":503,"column":35},"end":{"line":545,"column":3}},"line":503},"31":{"name":"destroy","decl":{"start":{"line":548,"column":14},"end":{"line":548,"column":21}},"loc":{"start":{"line":548,"column":33},"end":{"line":555,"column":3}},"line":548},"32":{"name":"instance","decl":{"start":{"line":569,"column":9},"end":{"line":569,"column":17}},"loc":{"start":{"line":569,"column":49},"end":{"line":677,"column":1}},"line":569},"33":{"name":"(anonymous_33)","decl":{"start":{"line":574,"column":43},"end":{"line":574,"column":44}},"loc":{"start":{"line":574,"column":54},"end":{"line":574,"column":94}},"line":574},"34":{"name":"(anonymous_34)","decl":{"start":{"line":576,"column":46},"end":{"line":576,"column":47}},"loc":{"start":{"line":576,"column":57},"end":{"line":576,"column":100}},"line":576},"35":{"name":"(anonymous_35)","decl":{"start":{"line":585,"column":18},"end":{"line":585,"column":19}},"loc":{"start":{"line":585,"column":30},"end":{"line":608,"column":2}},"line":585},"36":{"name":"(anonymous_36)","decl":{"start":{"line":612,"column":30},"end":{"line":612,"column":31}},"loc":{"start":{"line":612,"column":37},"end":{"line":614,"column":2}},"line":612},"37":{"name":"(anonymous_37)","decl":{"start":{"line":616,"column":23},"end":{"line":616,"column":24}},"loc":{"start":{"line":616,"column":29},"end":{"line":622,"column":2}},"line":616},"38":{"name":"(anonymous_38)","decl":{"start":{"line":624,"column":25},"end":{"line":624,"column":26}},"loc":{"start":{"line":624,"column":31},"end":{"line":628,"column":2}},"line":624},"39":{"name":"(anonymous_39)","decl":{"start":{"line":630,"column":25},"end":{"line":630,"column":26}},"loc":{"start":{"line":630,"column":32},"end":{"line":643,"column":2}},"line":630},"40":{"name":"(anonymous_40)","decl":{"start":{"line":645,"column":24},"end":{"line":645,"column":25}},"loc":{"start":{"line":645,"column":35},"end":{"line":652,"column":2}},"line":645},"41":{"name":"(anonymous_41)","decl":{"start":{"line":658,"column":20},"end":{"line":658,"column":21}},"loc":{"start":{"line":658,"column":26},"end":{"line":662,"column":2}},"line":658},"42":{"name":"(anonymous_42)","decl":{"start":{"line":660,"column":51},"end":{"line":660,"column":52}},"loc":{"start":{"line":660,"column":66},"end":{"line":660,"column":106}},"line":660},"43":{"name":"(anonymous_43)","decl":{"start":{"line":680,"column":1},"end":{"line":680,"column":2}},"loc":{"start":{"line":680,"column":22},"end":{"line":690,"column":2}},"line":680}},"branchMap":{"0":{"loc":{"start":{"line":81,"column":3},"end":{"line":81,"column":74}},"type":"if","locations":[{"start":{"line":81,"column":3},"end":{"line":81,"column":74}},{"start":{},"end":{}}],"line":81},"1":{"loc":{"start":{"line":84,"column":3},"end":{"line":84,"column":35}},"type":"if","locations":[{"start":{"line":84,"column":3},"end":{"line":84,"column":35}},{"start":{},"end":{}}],"line":84},"2":{"loc":{"start":{"line":85,"column":3},"end":{"line":85,"column":33}},"type":"if","locations":[{"start":{"line":85,"column":3},"end":{"line":85,"column":33}},{"start":{},"end":{}}],"line":85},"3":{"loc":{"start":{"line":86,"column":3},"end":{"line":86,"column":35}},"type":"if","locations":[{"start":{"line":86,"column":3},"end":{"line":86,"column":35}},{"start":{},"end":{}}],"line":86},"4":{"loc":{"start":{"line":196,"column":4},"end":{"line":198,"column":5}},"type":"if","locations":[{"start":{"line":196,"column":4},"end":{"line":198,"column":5}},{"start":{},"end":{}}],"line":196},"5":{"loc":{"start":{"line":209,"column":3},"end":{"line":231,"column":4}},"type":"if","locations":[{"start":{"line":209,"column":3},"end":{"line":231,"column":4}},{"start":{},"end":{}}],"line":209},"6":{"loc":{"start":{"line":217,"column":5},"end":{"line":223,"column":6}},"type":"if","locations":[{"start":{"line":217,"column":5},"end":{"line":223,"column":6}},{"start":{"line":219,"column":12},"end":{"line":223,"column":6}}],"line":217},"7":{"loc":{"start":{"line":233,"column":3},"end":{"line":233,"column":64}},"type":"if","locations":[{"start":{"line":233,"column":3},"end":{"line":233,"column":64}},{"start":{},"end":{}}],"line":233},"8":{"loc":{"start":{"line":236,"column":3},"end":{"line":236,"column":35}},"type":"if","locations":[{"start":{"line":236,"column":3},"end":{"line":236,"column":35}},{"start":{},"end":{}}],"line":236},"9":{"loc":{"start":{"line":292,"column":3},"end":{"line":292,"column":121}},"type":"if","locations":[{"start":{"line":292,"column":3},"end":{"line":292,"column":121}},{"start":{},"end":{}}],"line":292},"10":{"loc":{"start":{"line":320,"column":3},"end":{"line":322,"column":4}},"type":"if","locations":[{"start":{"line":320,"column":3},"end":{"line":322,"column":4}},{"start":{},"end":{}}],"line":320},"11":{"loc":{"start":{"line":320,"column":7},"end":{"line":320,"column":114}},"type":"binary-expr","locations":[{"start":{"line":320,"column":7},"end":{"line":320,"column":34}},{"start":{"line":320,"column":38},"end":{"line":320,"column":114}}],"line":320},"12":{"loc":{"start":{"line":324,"column":3},"end":{"line":326,"column":4}},"type":"if","locations":[{"start":{"line":324,"column":3},"end":{"line":326,"column":4}},{"start":{},"end":{}}],"line":324},"13":{"loc":{"start":{"line":324,"column":7},"end":{"line":324,"column":101}},"type":"binary-expr","locations":[{"start":{"line":324,"column":7},"end":{"line":324,"column":34}},{"start":{"line":324,"column":38},"end":{"line":324,"column":101}}],"line":324},"14":{"loc":{"start":{"line":328,"column":3},"end":{"line":328,"column":128}},"type":"if","locations":[{"start":{"line":328,"column":3},"end":{"line":328,"column":128}},{"start":{},"end":{}}],"line":328},"15":{"loc":{"start":{"line":328,"column":7},"end":{"line":328,"column":99}},"type":"binary-expr","locations":[{"start":{"line":328,"column":7},"end":{"line":328,"column":34}},{"start":{"line":328,"column":38},"end":{"line":328,"column":99}}],"line":328},"16":{"loc":{"start":{"line":329,"column":3},"end":{"line":329,"column":123}},"type":"if","locations":[{"start":{"line":329,"column":3},"end":{"line":329,"column":123}},{"start":{},"end":{}}],"line":329},"17":{"loc":{"start":{"line":329,"column":7},"end":{"line":329,"column":94}},"type":"binary-expr","locations":[{"start":{"line":329,"column":7},"end":{"line":329,"column":34}},{"start":{"line":329,"column":38},"end":{"line":329,"column":94}}],"line":329},"18":{"loc":{"start":{"line":330,"column":3},"end":{"line":330,"column":156}},"type":"if","locations":[{"start":{"line":330,"column":3},"end":{"line":330,"column":156}},{"start":{},"end":{}}],"line":330},"19":{"loc":{"start":{"line":330,"column":7},"end":{"line":330,"column":127}},"type":"binary-expr","locations":[{"start":{"line":330,"column":7},"end":{"line":330,"column":34}},{"start":{"line":330,"column":38},"end":{"line":330,"column":127}}],"line":330},"20":{"loc":{"start":{"line":332,"column":3},"end":{"line":334,"column":4}},"type":"if","locations":[{"start":{"line":332,"column":3},"end":{"line":334,"column":4}},{"start":{},"end":{}}],"line":332},"21":{"loc":{"start":{"line":332,"column":7},"end":{"line":332,"column":131}},"type":"binary-expr","locations":[{"start":{"line":332,"column":7},"end":{"line":332,"column":34}},{"start":{"line":332,"column":38},"end":{"line":332,"column":131}}],"line":332},"22":{"loc":{"start":{"line":337,"column":3},"end":{"line":337,"column":33}},"type":"if","locations":[{"start":{"line":337,"column":3},"end":{"line":337,"column":33}},{"start":{},"end":{}}],"line":337},"23":{"loc":{"start":{"line":364,"column":88},"end":{"line":364,"column":111}},"type":"cond-expr","locations":[{"start":{"line":364,"column":97},"end":{"line":364,"column":106}},{"start":{"line":364,"column":109},"end":{"line":364,"column":111}}],"line":364},"24":{"loc":{"start":{"line":371,"column":3},"end":{"line":374,"column":4}},"type":"if","locations":[{"start":{"line":371,"column":3},"end":{"line":374,"column":4}},{"start":{},"end":{}}],"line":371},"25":{"loc":{"start":{"line":377,"column":3},"end":{"line":379,"column":4}},"type":"if","locations":[{"start":{"line":377,"column":3},"end":{"line":379,"column":4}},{"start":{},"end":{}}],"line":377},"26":{"loc":{"start":{"line":377,"column":7},"end":{"line":377,"column":144}},"type":"binary-expr","locations":[{"start":{"line":377,"column":7},"end":{"line":377,"column":32}},{"start":{"line":377,"column":36},"end":{"line":377,"column":144}}],"line":377},"27":{"loc":{"start":{"line":377,"column":119},"end":{"line":377,"column":142}},"type":"cond-expr","locations":[{"start":{"line":377,"column":128},"end":{"line":377,"column":137}},{"start":{"line":377,"column":140},"end":{"line":377,"column":142}}],"line":377},"28":{"loc":{"start":{"line":382,"column":3},"end":{"line":382,"column":37}},"type":"if","locations":[{"start":{"line":382,"column":3},"end":{"line":382,"column":37}},{"start":{},"end":{}}],"line":382},"29":{"loc":{"start":{"line":415,"column":3},"end":{"line":418,"column":4}},"type":"if","locations":[{"start":{"line":415,"column":3},"end":{"line":418,"column":4}},{"start":{},"end":{}}],"line":415},"30":{"loc":{"start":{"line":422,"column":3},"end":{"line":422,"column":37}},"type":"if","locations":[{"start":{"line":422,"column":3},"end":{"line":422,"column":37}},{"start":{},"end":{}}],"line":422},"31":{"loc":{"start":{"line":452,"column":2},"end":{"line":452,"column":61}},"type":"if","locations":[{"start":{"line":452,"column":2},"end":{"line":452,"column":61}},{"start":{},"end":{}}],"line":452},"32":{"loc":{"start":{"line":458,"column":43},"end":{"line":458,"column":75}},"type":"binary-expr","locations":[{"start":{"line":458,"column":43},"end":{"line":458,"column":49}},{"start":{"line":458,"column":53},"end":{"line":458,"column":75}}],"line":458},"33":{"loc":{"start":{"line":459,"column":40},"end":{"line":459,"column":70}},"type":"binary-expr","locations":[{"start":{"line":459,"column":40},"end":{"line":459,"column":46}},{"start":{"line":459,"column":50},"end":{"line":459,"column":70}}],"line":459},"34":{"loc":{"start":{"line":471,"column":3},"end":{"line":471,"column":32}},"type":"if","locations":[{"start":{"line":471,"column":3},"end":{"line":471,"column":32}},{"start":{},"end":{}}],"line":471},"35":{"loc":{"start":{"line":473,"column":3},"end":{"line":473,"column":32}},"type":"if","locations":[{"start":{"line":473,"column":3},"end":{"line":473,"column":32}},{"start":{},"end":{}}],"line":473},"36":{"loc":{"start":{"line":480,"column":79},"end":{"line":480,"column":105}},"type":"cond-expr","locations":[{"start":{"line":480,"column":88},"end":{"line":480,"column":100}},{"start":{"line":480,"column":103},"end":{"line":480,"column":105}}],"line":480},"37":{"loc":{"start":{"line":494,"column":3},"end":{"line":494,"column":42}},"type":"if","locations":[{"start":{"line":494,"column":3},"end":{"line":494,"column":42}},{"start":{},"end":{}}],"line":494},"38":{"loc":{"start":{"line":496,"column":3},"end":{"line":496,"column":42}},"type":"if","locations":[{"start":{"line":496,"column":3},"end":{"line":496,"column":42}},{"start":{},"end":{}}],"line":496},"39":{"loc":{"start":{"line":498,"column":3},"end":{"line":501,"column":4}},"type":"if","locations":[{"start":{"line":498,"column":3},"end":{"line":501,"column":4}},{"start":{},"end":{}}],"line":498},"40":{"loc":{"start":{"line":504,"column":3},"end":{"line":514,"column":4}},"type":"if","locations":[{"start":{"line":504,"column":3},"end":{"line":514,"column":4}},{"start":{"line":506,"column":10},"end":{"line":514,"column":4}}],"line":504},"41":{"loc":{"start":{"line":504,"column":7},"end":{"line":504,"column":95}},"type":"binary-expr","locations":[{"start":{"line":504,"column":7},"end":{"line":504,"column":82}},{"start":{"line":504,"column":86},"end":{"line":504,"column":95}}],"line":504},"42":{"loc":{"start":{"line":510,"column":4},"end":{"line":513,"column":5}},"type":"if","locations":[{"start":{"line":510,"column":4},"end":{"line":513,"column":5}},{"start":{},"end":{}}],"line":510},"43":{"loc":{"start":{"line":516,"column":3},"end":{"line":527,"column":4}},"type":"if","locations":[{"start":{"line":516,"column":3},"end":{"line":527,"column":4}},{"start":{"line":524,"column":10},"end":{"line":527,"column":4}}],"line":516},"44":{"loc":{"start":{"line":517,"column":4},"end":{"line":523,"column":5}},"type":"if","locations":[{"start":{"line":517,"column":4},"end":{"line":523,"column":5}},{"start":{"line":519,"column":11},"end":{"line":523,"column":5}}],"line":517},"45":{"loc":{"start":{"line":524,"column":10},"end":{"line":527,"column":4}},"type":"if","locations":[{"start":{"line":524,"column":10},"end":{"line":527,"column":4}},{"start":{},"end":{}}],"line":524},"46":{"loc":{"start":{"line":529,"column":3},"end":{"line":540,"column":4}},"type":"if","locations":[{"start":{"line":529,"column":3},"end":{"line":540,"column":4}},{"start":{"line":537,"column":10},"end":{"line":540,"column":4}}],"line":529},"47":{"loc":{"start":{"line":530,"column":4},"end":{"line":536,"column":5}},"type":"if","locations":[{"start":{"line":530,"column":4},"end":{"line":536,"column":5}},{"start":{"line":532,"column":11},"end":{"line":536,"column":5}}],"line":530},"48":{"loc":{"start":{"line":537,"column":10},"end":{"line":540,"column":4}},"type":"if","locations":[{"start":{"line":537,"column":10},"end":{"line":540,"column":4}},{"start":{},"end":{}}],"line":537},"49":{"loc":{"start":{"line":542,"column":3},"end":{"line":544,"column":4}},"type":"if","locations":[{"start":{"line":542,"column":3},"end":{"line":544,"column":4}},{"start":{},"end":{}}],"line":542},"50":{"loc":{"start":{"line":542,"column":7},"end":{"line":542,"column":145}},"type":"binary-expr","locations":[{"start":{"line":542,"column":7},"end":{"line":542,"column":39}},{"start":{"line":542,"column":43},"end":{"line":542,"column":145}}],"line":542},"51":{"loc":{"start":{"line":542,"column":117},"end":{"line":542,"column":143}},"type":"cond-expr","locations":[{"start":{"line":542,"column":126},"end":{"line":542,"column":138}},{"start":{"line":542,"column":141},"end":{"line":542,"column":143}}],"line":542},"52":{"loc":{"start":{"line":549,"column":3},"end":{"line":549,"column":35}},"type":"if","locations":[{"start":{"line":549,"column":3},"end":{"line":549,"column":35}},{"start":{},"end":{}}],"line":549},"53":{"loc":{"start":{"line":551,"column":3},"end":{"line":551,"column":32}},"type":"if","locations":[{"start":{"line":551,"column":3},"end":{"line":551,"column":32}},{"start":{},"end":{}}],"line":551},"54":{"loc":{"start":{"line":552,"column":3},"end":{"line":552,"column":32}},"type":"if","locations":[{"start":{"line":552,"column":3},"end":{"line":552,"column":32}},{"start":{},"end":{}}],"line":552},"55":{"loc":{"start":{"line":577,"column":16},"end":{"line":577,"column":26}},"type":"default-arg","locations":[{"start":{"line":577,"column":24},"end":{"line":577,"column":26}}],"line":577},"56":{"loc":{"start":{"line":613,"column":2},"end":{"line":613,"column":149}},"type":"if","locations":[{"start":{"line":613,"column":2},"end":{"line":613,"column":149}},{"start":{},"end":{}}],"line":613},"57":{"loc":{"start":{"line":613,"column":6},"end":{"line":613,"column":81}},"type":"binary-expr","locations":[{"start":{"line":613,"column":6},"end":{"line":613,"column":35}},{"start":{"line":613,"column":39},"end":{"line":613,"column":63}},{"start":{"line":613,"column":67},"end":{"line":613,"column":81}}],"line":613},"58":{"loc":{"start":{"line":646,"column":2},"end":{"line":646,"column":101}},"type":"if","locations":[{"start":{"line":646,"column":2},"end":{"line":646,"column":101}},{"start":{},"end":{}}],"line":646},"59":{"loc":{"start":{"line":647,"column":2},"end":{"line":647,"column":83}},"type":"if","locations":[{"start":{"line":647,"column":2},"end":{"line":647,"column":83}},{"start":{},"end":{}}],"line":647},"60":{"loc":{"start":{"line":648,"column":2},"end":{"line":648,"column":113}},"type":"if","locations":[{"start":{"line":648,"column":2},"end":{"line":648,"column":113}},{"start":{},"end":{}}],"line":648},"61":{"loc":{"start":{"line":649,"column":2},"end":{"line":649,"column":104}},"type":"if","locations":[{"start":{"line":649,"column":2},"end":{"line":649,"column":104}},{"start":{},"end":{}}],"line":649},"62":{"loc":{"start":{"line":650,"column":2},"end":{"line":650,"column":80}},"type":"if","locations":[{"start":{"line":650,"column":2},"end":{"line":650,"column":80}},{"start":{},"end":{}}],"line":650},"63":{"loc":{"start":{"line":651,"column":2},"end":{"line":651,"column":65}},"type":"if","locations":[{"start":{"line":651,"column":2},"end":{"line":651,"column":65}},{"start":{},"end":{}}],"line":651},"64":{"loc":{"start":{"line":654,"column":1},"end":{"line":656,"column":2}},"type":"if","locations":[{"start":{"line":654,"column":1},"end":{"line":656,"column":2}},{"start":{},"end":{}}],"line":654},"65":{"loc":{"start":{"line":654,"column":5},"end":{"line":654,"column":37}},"type":"binary-expr","locations":[{"start":{"line":654,"column":5},"end":{"line":654,"column":12}},{"start":{"line":654,"column":16},"end":{"line":654,"column":37}}],"line":654},"66":{"loc":{"start":{"line":659,"column":2},"end":{"line":661,"column":3}},"type":"if","locations":[{"start":{"line":659,"column":2},"end":{"line":661,"column":3}},{"start":{},"end":{}}],"line":659}},"s":{"0":1,"1":1,"2":1,"3":7,"4":7,"5":7,"6":1,"7":1,"8":1,"9":1,"10":1,"11":1,"12":1,"13":1,"14":1,"15":1,"16":1,"17":1,"18":1,"19":1,"20":1,"21":1,"22":1,"23":1,"24":1,"25":1,"26":1,"27":1,"28":1,"29":1,"30":1,"31":1,"32":1,"33":1,"34":1,"35":1,"36":1,"37":1,"38":1,"39":1,"40":1,"41":1,"42":1,"43":1,"44":1,"45":1,"46":1,"47":1,"48":1,"49":1,"50":0,"51":0,"52":1,"53":0,"54":1,"55":0,"56":1,"57":0,"58":1,"59":1,"60":4,"61":4,"62":4,"63":4,"64":4,"65":7,"66":4,"67":4,"68":4,"69":4,"70":4,"71":4,"72":4,"73":4,"74":4,"75":4,"76":4,"77":4,"78":4,"79":4,"80":4,"81":4,"82":4,"83":4,"84":4,"85":7,"86":4,"87":4,"88":4,"89":4,"90":4,"91":4,"92":4,"93":4,"94":4,"95":4,"96":4,"97":4,"98":4,"99":4,"100":4,"101":4,"102":4,"103":4,"104":4,"105":4,"106":4,"107":4,"108":4,"109":4,"110":4,"111":4,"112":4,"113":4,"114":4,"115":4,"116":4,"117":4,"118":4,"119":4,"120":4,"121":4,"122":4,"123":4,"124":4,"125":4,"126":4,"127":7,"128":7,"129":4,"130":4,"131":4,"132":4,"133":4,"134":4,"135":3,"136":0,"137":0,"138":0,"139":0,"140":0,"141":0,"142":0,"143":0,"144":0,"145":0,"146":0,"147":0,"148":3,"149":0,"150":4,"151":1,"152":4,"153":4,"154":4,"155":7,"156":7,"157":7,"158":7,"159":7,"160":7,"161":7,"162":7,"163":7,"164":7,"165":7,"166":7,"167":7,"168":7,"169":7,"170":7,"171":7,"172":7,"173":7,"174":7,"175":7,"176":7,"177":7,"178":7,"179":7,"180":7,"181":7,"182":7,"183":7,"184":7,"185":7,"186":7,"187":7,"188":7,"189":7,"190":7,"191":7,"192":7,"193":7,"194":7,"195":7,"196":7,"197":7,"198":7,"199":0,"200":0,"201":0,"202":0,"203":0,"204":0,"205":0,"206":0,"207":0,"208":0,"209":0,"210":0,"211":7,"212":2,"213":7,"214":7,"215":4,"216":4,"217":4,"218":4,"219":4,"220":4,"221":4,"222":4,"223":4,"224":4,"225":2,"226":2,"227":4,"228":2,"229":4,"230":4,"231":4,"232":4,"233":1,"234":1,"235":1,"236":1,"237":1,"238":1,"239":1,"240":1,"241":1,"242":1,"243":0,"244":1,"245":1,"246":1,"247":1,"248":8,"249":7,"250":1,"251":4,"252":4,"253":4,"254":4,"255":4,"256":4,"257":4,"258":4,"259":4,"260":4,"261":4,"262":4,"263":4,"264":4,"265":4,"266":4,"267":4,"268":0,"269":4,"270":4,"271":4,"272":4,"273":4,"274":4,"275":4,"276":4,"277":0,"278":4,"279":4,"280":4,"281":4,"282":4,"283":4,"284":4,"285":4,"286":4,"287":4,"288":4,"289":0,"290":4,"291":4,"292":4,"293":4,"294":3,"295":1,"296":1,"297":1,"298":1,"299":1,"300":4,"301":2,"302":2,"303":0,"304":0,"305":0,"306":2,"307":2,"308":2,"309":4,"310":1,"311":0,"312":1,"313":1,"314":1,"315":3,"316":0,"317":0,"318":4,"319":0,"320":4,"321":4,"322":4,"323":4,"324":2,"325":4,"326":1,"327":4,"328":4,"329":4,"330":4,"331":4,"332":4,"333":5,"334":4,"335":4,"336":4,"337":4,"338":4,"339":4,"340":4,"341":4,"342":4,"343":4,"344":4,"345":2,"346":2,"347":2,"348":2,"349":1,"350":1,"351":1,"352":1,"353":1,"354":1,"355":1,"356":1,"357":1,"358":1,"359":4,"360":4,"361":0,"362":0,"363":4,"364":0,"365":0,"366":0,"367":0,"368":0,"369":4,"370":0,"371":0,"372":0,"373":4,"374":0,"375":4,"376":0,"377":0,"378":0,"379":0,"380":0,"381":0,"382":0,"383":0,"384":0,"385":0,"386":0,"387":0,"388":4,"389":0,"390":4,"391":8,"392":5,"393":5,"394":7,"395":4,"396":4,"397":4,"398":4,"399":1,"400":1},"f":{"0":7,"1":1,"2":1,"3":1,"4":0,"5":1,"6":4,"7":4,"8":4,"9":3,"10":4,"11":7,"12":7,"13":7,"14":0,"15":7,"16":4,"17":4,"18":4,"19":2,"20":4,"21":1,"22":1,"23":1,"24":1,"25":4,"26":8,"27":4,"28":0,"29":4,"30":4,"31":4,"32":4,"33":5,"34":4,"35":2,"36":0,"37":0,"38":0,"39":0,"40":0,"41":8,"42":7,"43":4},"b":{"0":[0,0],"1":[0,1],"2":[0,1],"3":[0,1],"4":[7,0],"5":[0,3],"6":[0,0],"7":[0,3],"8":[1,3],"9":[7,0],"10":[0,0],"11":[0,0],"12":[0,0],"13":[0,0],"14":[0,0],"15":[0,0],"16":[0,0],"17":[0,0],"18":[0,0],"19":[0,0],"20":[0,0],"21":[0,0],"22":[2,5],"23":[0,4],"24":[4,0],"25":[2,0],"26":[2,2],"27":[2,0],"28":[2,2],"29":[1,0],"30":[0,1],"31":[7,1],"32":[4,4],"33":[4,0],"34":[4,0],"35":[0,4],"36":[0,4],"37":[4,0],"38":[0,4],"39":[4,0],"40":[3,1],"41":[4,3],"42":[1,0],"43":[2,2],"44":[2,0],"45":[2,0],"46":[1,3],"47":[0,1],"48":[0,3],"49":[0,4],"50":[4,0],"51":[0,0],"52":[4,0],"53":[2,2],"54":[1,3],"55":[4],"56":[0,0],"57":[0,0,0],"58":[0,0],"59":[0,0],"60":[0,0],"61":[0,0],"62":[0,0],"63":[0,0],"64":[0,4],"65":[4,4],"66":[5,3]},"inputSourceMap":{"0":"{","1":"\"","2":"v","3":"e","4":"r","5":"s","6":"i","7":"o","8":"n","9":"\"","10":":","11":"3","12":",","13":"\"","14":"m","15":"a","16":"p","17":"p","18":"i","19":"n","20":"g","21":"s","22":"\"","23":":","24":"\"","25":";","26":";","27":";","28":";","29":"Q","30":"A","31":"A","32":"i","33":"B","34":",","35":"Y","36":"A","37":"A","38":"A","39":",","40":"E","41":"A","42":"A","43":"A","44":",","45":"i","46":"B","47":"A","48":"A","49":"A","50":",","51":"E","52":"A","53":"A","54":"A","55":",","56":"e","57":"A","58":"A","59":"A","60":";","61":";","62":";","63":";","64":";","65":";","66":";","67":";","68":";","69":";","70":";","71":";","72":";","73":";","74":";","75":";","76":";","77":";","78":";","79":";","80":";","81":";","82":";","83":";","84":";","85":";","86":";","87":";","88":";","89":";","90":";","91":";","92":";","93":";","94":";","95":";","96":";","97":";","98":"a","99":"A","100":"6","101":"E","102":"X","103":",","104":"g","105":"B","106":"A","107":"C","108":"a","109":";","110":";","111":"a","112":"A","113":"C","114":"Z","115":",","116":"I","117":"A","118":"A","119":"E","120":";","121":"4","122":"B","123":"A","124":"A","125":"C","126":",","127":"G","128":"A","129":"A","130":"U","131":";","132":"a","133":"A","134":"C","135":"d","136":",","137":"m","138":"B","139":"A","140":"C","141":"F","142":";","143":";","144":";","145":";","146":";","147":";","148":";","149":";","150":";","151":";","152":";","153":";","154":";","155":";","156":";","157":";","158":";","159":"G","160":"A","161":"P","162":"D","163":",","164":"U","165":"A","166":"A","167":"s","168":"D","169":";","170":"G","171":"A","172":"A","173":"j","174":"D","175":",","176":"U","177":"A","178":"A","179":"4","180":"C","181":";","182":";","183":"G","184":"A","185":"C","186":"j","187":"D","188":",","189":"U","190":"A","191":"Q","192":"K","193":";","194":"G","195":"A","196":"P","197":"J","198":",","199":"U","200":"A","201":"A","202":"m","203":"D","204":";","205":"G","206":"A","207":"A","208":"h","209":"D","210":",","211":"U","212":"A","213":"A","214":"6","215":"C","216":";","217":";","218":"G","219":"A","220":"C","221":"h","222":"D","223":",","224":"U","225":"A","226":"I","227":"G","228":";","229":";","230":"G","231":"A","232":"H","233":"Y","234":",","235":"U","236":"A","237":"E","238":"b","239":";","240":";","241":";","242":";","243":";","244":"G","245":"A","246":"E","247":"F","248":",","249":"U","250":"A","251":"A","252":"o","253":"D","254":";","255":";","256":";","257":"k","258":"E","259":"A","260":"H","261":"9","262":"C","263":",","264":"G","265":"A","266":"A","267":"U","268":";","269":";","270":";","271":";","272":";","273":";","274":";","275":";","276":";","277":";","278":";","279":";","280":";","281":";","282":";","283":";","284":";","285":";","286":";","287":";","288":";","289":";","290":";","291":";","292":";","293":";","294":";","295":";","296":";","297":";","298":";","299":";","300":";","301":";","302":";","303":";","304":";","305":";","306":";","307":";","308":";","309":"o","310":"C","311":"A","312":"9","313":"B","314":"P","315":",","316":"G","317":"A","318":"A","319":"a","320":";","321":";","322":";","323":";","324":"g","325":"C","326":"A","327":"A","328":"l","329":"B","330":",","331":"M","332":"A","333":"A","334":"I","335":";","336":";","337":";","338":";","339":";","340":";","341":";","342":";","343":";","344":";","345":";","346":";","347":";","348":";","349":";","350":";","351":";","352":";","353":";","354":";","355":";","356":";","357":";","358":";","359":";","360":";","361":";","362":";","363":";","364":";","365":"a","366":"A","367":"m","368":"B","369":"F","370":",","371":"k","372":"C","373":"A","374":"E","375":"L","376":";","377":";","378":"u","379":"B","380":"A","381":"A","382":"y","383":"C","384":",","385":"G","386":"A","387":"A","388":"K","389":";","390":";","391":";","392":";","393":";","394":";","395":";","396":";","397":";","398":";","399":";","400":";","401":";","402":";","403":";","404":";","405":";","406":";","407":";","408":";","409":";","410":";","411":";","412":"G","413":"A","414":"h","415":"C","416":"h","417":"D","418":",","419":"U","420":"A","421":"k","422":"C","423":"K","424":";","425":"G","426":"A","427":"j","428":"C","429":"J","430":",","431":"U","432":"A","433":"2","434":"B","435":"O","436":";","437":"G","438":"A","439":"1","440":"B","441":"N","442":",","443":"U","444":"A","445":"O","446":"O","447":";","448":"G","449":"A","450":"N","451":"N","452":",","453":"U","454":"A","455":"K","456":"I","457":";","458":"G","459":"A","460":"J","461":"H","462":",","463":"U","464":"A","465":"A","466":"K","467":";","468":";","469":"G","470":"A","471":"C","472":"L","473":",","474":"U","475":"A","476":"A","477":"8","478":"B","479":";","480":";","481":"G","482":"A","483":"C","484":"9","485":"B","486":",","487":"U","488":"A","489":"A","490":"k","491":"C","492":";","493":";","494":"G","495":"A","496":"C","497":"l","498":"C","499":",","500":"U","501":"A","502":"A","503":"m","504":"C","505":";","506":";","507":"G","508":"A","509":"G","510":"r","511":"C","512":",","513":"U","514":"A","515":"i","516":"B","517":"O","518":";","519":";","520":";","521":";","522":";","523":";","524":";","525":";","526":";","527":"G","528":"A","529":"E","530":"R","531":",","532":"U","533":"A","534":"I","535":"K","536":";","537":"G","538":"A","539":"H","540":"J","541":",","542":"U","543":"A","544":"A","545":"K","546":";","547":";","548":"G","549":"A","550":"E","551":"L","552":",","553":"U","554":"A","555":"A","556":"q","557":"D","558":";","559":";","560":";","561":";","562":";","563":"m","564":"C","565":"A","566":"r","567":"B","568":"7","569":"C","570":",","571":"G","572":"A","573":"A","574":"a","575":";","576":";","577":";","578":";","579":"+","580":"B","581":"A","582":"A","583":"l","584":"B","585":",","586":"M","587":"A","588":"A","589":"I","590":";","591":";","592":";","593":";","594":";","595":";","596":";","597":";","598":";","599":";","600":";","601":";","602":";","603":";","604":";","605":";","606":"o","607":"C","608":"A","609":"A","610":"J","611":",","612":"M","613":"A","614":"A","615":"I","616":";","617":";","618":";","619":"w","620":"D","621":"A","622":"q","623":"B","624":"k","625":"C","626":",","627":"G","628":"A","629":"A","630":"K","631":";","632":";","633":";","634":";","635":";","636":";","637":";","638":";","639":";","640":";","641":";","642":";","643":";","644":";","645":";","646":";","647":";","648":";","649":";","650":";","651":";","652":";","653":";","654":";","655":";","656":";","657":";","658":";","659":"y","660":"B","661":"A","662":"Z","663":"t","664":"C","665":",","666":"G","667":"A","668":"A","669":"I","670":",","671":"K","672":"A","673":"A","674":"C","675":",","676":"O","677":"A","678":"A","679":"O","680":",","681":"C","682":"A","683":"A","684":"C","685":",","686":"K","687":"A","688":"A","689":"K","690":";","691":";","692":";","693":";","694":"y","695":"B","696":"A","697":"C","698":"l","699":"B","700":",","701":"G","702":"A","703":"A","704":"I","705":",","706":"K","707":"A","708":"A","709":"C","710":",","711":"Q","712":"A","713":"A","714":"Q","715":";","716":";","717":";","718":";","719":";","720":"y","721":"B","722":"A","723":"E","724":"b","725":",","726":"G","727":"A","728":"A","729":"I","730":",","731":"K","732":"A","733":"A","734":"C","735":",","736":"Q","737":"A","738":"A","739":"Q","740":",","741":"Y","742":"A","743":"A","744":"G","745":",","746":"G","747":"A","748":"A","749":"I","750":",","751":"K","752":"A","753":"A","754":"C","755":",","756":"O","757":"A","758":"A","759":"O","760":",","761":"C","762":"A","763":"A","764":"C","765":",","766":"K","767":"A","768":"A","769":"K","770":";","771":";","772":";","773":";","774":";","775":";","776":";","777":";","778":";","779":";","780":";","781":";","782":";","783":";","784":";","785":";","786":";","787":";","788":"a","789":"A","790":"A","791":"r","792":"C","793":",","794":"I","795":"A","796":"A","797":"E","798":";","799":";","800":";","801":";","802":"w","803":"D","804":"A","805":"P","806":"G","807":",","808":"G","809":"A","810":"A","811":"I","812":",","813":"K","814":"A","815":"A","816":"C","817":",","818":"O","819":"A","820":"A","821":"O","822":",","823":"C","824":"A","825":"A","826":"C","827":",","828":"U","829":"A","830":"A","831":"U","832":";","833":"i","834":"D","835":"A","836":"C","837":"v","838":"B","839":",","840":"G","841":"A","842":"A","843":"I","844":",","845":"K","846":"A","847":"A","848":"C","849":",","850":"O","851":"A","852":"A","853":"O","854":",","855":"C","856":"A","857":"A","858":"C","859":",","860":"E","861":"A","862":"A","863":"E","864":";","865":";","866":";","867":";","868":";","869":";","870":"+","871":"E","872":"A","873":"K","874":"w","875":"B","876":",","877":"G","878":"A","879":"A","880":"I","881":",","882":"K","883":"A","884":"A","885":"C","886":",","887":"O","888":"A","889":"A","890":"O","891":",","892":"C","893":"A","894":"A","895":"C","896":",","897":"E","898":"A","899":"A","900":"E","901":";","902":";","903":";","904":";","905":";","906":"G","907":"A","908":"V","909":"9","910":"D","911":",","912":"U","913":"A","914":"a","915":"I","916":";","917":"G","918":"A","919":"Z","920":"H","921":",","922":"U","923":"A","924":"M","925":"I","926":";","927":"G","928":"A","929":"L","930":"H","931":",","932":"U","933":"A","934":"I","935":"C","936":";","937":";","938":"G","939":"A","940":"E","941":"F","942":",","943":"U","944":"A","945":"A","946":"4","947":"B","948":";","949":";","950":";","951":"G","952":"A","953":"C","954":"5","955":"B","956":",","957":"U","958":"A","959":"A","960":"u","961":"B","962":";","963":";","964":";","965":"G","966":"A","967":"C","968":"v","969":"B","970":",","971":"U","972":"A","973":"E","974":"A","975":";","976":";","977":";","978":";","979":";","980":";","981":"u","982":"F","983":"A","984":"R","985":"O","986":",","987":"G","988":"A","989":"A","990":"I","991":",","992":"K","993":"A","994":"A","995":"C","996":",","997":"O","998":"A","999":"A","1000":"O","1001":",","1002":"C","1003":"A","1004":"A","1005":"C","1006":",","1007":"U","1008":"A","1009":"A","1010":"U","1011":";","1012":";","1013":";","1014":";","1015":"k","1016":"F","1017":"A","1018":"C","1019":"v","1020":"B","1021":",","1022":"G","1023":"A","1024":"A","1025":"I","1026":",","1027":"K","1028":"A","1029":"A","1030":"C","1031":",","1032":"O","1033":"A","1034":"A","1035":"O","1036":",","1037":"C","1038":"A","1039":"A","1040":"C","1041":",","1042":"E","1043":"A","1044":"A","1045":"E","1046":";","1047":";","1048":";","1049":";","1050":"w","1051":"E","1052":"A","1053":"G","1054":"j","1055":"B","1056":",","1057":"G","1058":"A","1059":"A","1060":"I","1061":",","1062":"K","1063":"A","1064":"A","1065":"C","1066":",","1067":"O","1068":"A","1069":"A","1070":"O","1071":",","1072":"C","1073":"A","1074":"A","1075":"C","1076":",","1077":"K","1078":"A","1079":"A","1080":"K","1081":";","1082":"w","1083":"E","1084":"A","1085":"C","1086":"l","1087":"B","1088":",","1089":"G","1090":"A","1091":"A","1092":"I","1093":",","1094":"K","1095":"A","1096":"A","1097":"C","1098":",","1099":"Q","1100":"A","1101":"A","1102":"Q","1103":";","1104":"w","1105":"E","1106":"A","1107":"E","1108":"b","1109":",","1110":"G","1111":"A","1112":"A","1113":"I","1114":",","1115":"K","1116":"A","1117":"A","1118":"C","1119":",","1120":"Q","1121":"A","1122":"A","1123":"Q","1124":",","1125":"Y","1126":"A","1127":"A","1128":"G","1129":",","1130":"G","1131":"A","1132":"A","1133":"I","1134":",","1135":"K","1136":"A","1137":"A","1138":"C","1139":",","1140":"O","1141":"A","1142":"A","1143":"O","1144":",","1145":"C","1146":"A","1147":"A","1148":"C","1149":",","1150":"K","1151":"A","1152":"A","1153":"K","1154":";","1155":";","1156":"g","1157":"H","1158":"A","1159":"D","1160":"O","1161":",","1162":"G","1163":"A","1164":"A","1165":"I","1166":",","1167":"K","1168":"A","1169":"A","1170":"C","1171":",","1172":"O","1173":"A","1174":"A","1175":"O","1176":",","1177":"C","1178":"A","1179":"A","1180":"C","1181":",","1182":"E","1183":"A","1184":"A","1185":"E","1186":";","1187":";","1188":";","1189":";","1190":";","1191":";","1192":";","1193":";","1194":";","1195":";","1196":";","1197":";","1198":";","1199":";","1200":";","1201":";","1202":";","1203":";","1204":";","1205":";","1206":";","1207":";","1208":";","1209":";","1210":";","1211":";","1212":";","1213":";","1214":";","1215":";","1216":";","1217":"Y","1218":"A","1219":"w","1220":"C","1221":"/","1222":"D","1223":",","1224":"W","1225":"A","1226":"A","1227":"S","1228":";","1229":"w","1230":"F","1231":"A","1232":"D","1233":"q","1234":"B","1235":",","1236":"G","1237":"A","1238":"A","1239":"W","1240":",","1241":"M","1242":"A","1243":"A","1244":"G","1245":",","1246":"S","1247":"A","1248":"A","1249":"S","1250":",","1251":"G","1252":"A","1253":"A","1254":"G","1255":",","1256":"E","1257":"A","1258":"A","1259":"E","1260":";","1261":";","1262":";","1263":";","1264":"G","1265":"A","1266":"A","1267":"5","1268":"D","1269":",","1270":"U","1271":"A","1272":"E","1273":"A","1274":";","1275":";","1276":";","1277":";","1278":"u","1279":"D","1280":"A","1281":"F","1282":"y","1283":"E","1284":",","1285":"G","1286":"A","1287":"A","1288":"Q","1289":";","1290":";","1291":";","1292":";","1293":";","1294":"u","1295":"H","1296":"A","1297":"A","1298":"j","1299":"D","1300":",","1301":"G","1302":"A","1303":"A","1304":"W","1305":",","1306":"M","1307":"A","1308":"A","1309":"G","1310":",","1311":"S","1312":"A","1313":"A","1314":"S","1315":",","1316":"G","1317":"A","1318":"A","1319":"G","1320":",","1321":"E","1322":"A","1323":"A","1324":"E","1325":";","1326":";","1327":";","1328":";","1329":";","1330":";","1331":";","1332":";","1333":";","1334":";","1335":";","1336":";","1337":";","1338":";","1339":";","1340":";","1341":";","1342":";","1343":";","1344":";","1345":";","1346":";","1347":";","1348":";","1349":";","1350":";","1351":";","1352":";","1353":";","1354":";","1355":";","1356":";","1357":";","1358":";","1359":";","1360":";","1361":"G","1362":"A","1363":"K","1364":"5","1365":"D","1366":",","1367":"U","1368":"A","1369":"O","1370":"A","1371":";","1372":";","1373":";","1374":";","1375":";","1376":";","1377":";","1378":";","1379":";","1380":";","1381":";","1382":";","1383":";","1384":";","1385":";","1386":";","1387":";","1388":";","1389":";","1390":";","1391":";","1392":";","1393":";","1394":";","1395":";","1396":";","1397":";","1398":";","1399":";","1400":";","1401":";","1402":";","1403":";","1404":";","1405":";","1406":";","1407":";","1408":";","1409":";","1410":"4","1411":"B","1412":"A","1413":"1","1414":"E","1415":"G","1416":",","1417":"G","1418":"A","1419":"A","1420":"i","1421":"B","1422":";","1423":";","1424":";","1425":";","1426":";","1427":";","1428":"2","1429":"C","1430":"A","1431":"6","1432":"D","1433":"h","1434":"B","1435":",","1436":"G","1437":"A","1438":"A","1439":"q","1440":"B","1441":";","1442":"w","1443":"C","1444":"A","1445":"K","1446":"r","1447":"B","1448":",","1449":"G","1450":"A","1451":"A","1452":"k","1453":"B","1454":";","1455":";","1456":";","1457":";","1458":";","1459":";","1460":";","1461":";","1462":";","1463":";","1464":";","1465":";","1466":";","1467":";","1468":";","1469":";","1470":";","1471":";","1472":";","1473":";","1474":";","1475":"+","1476":"E","1477":"A","1478":"p","1479":"E","1480":"P","1481":",","1482":"G","1483":"A","1484":"A","1485":"g","1486":"B","1487":",","1488":"M","1489":"A","1490":"A","1491":"G","1492":",","1493":"Y","1494":"A","1495":"A","1496":"Y","1497":",","1498":"G","1499":"A","1500":"A","1501":"G","1502":",","1503":"E","1504":"A","1505":"A","1506":"E","1507":";","1508":";","1509":";","1510":";","1511":";","1512":";","1513":";","1514":"G","1515":"A","1516":"A","1517":"v","1518":"D","1519":",","1520":"U","1521":"A","1522":"g","1523":"F","1524":"K","1525":";","1526":"G","1527":"A","1528":"/","1529":"E","1530":"J","1531":",","1532":"U","1533":"A","1534":"8","1535":"E","1536":"K","1537":";","1538":";","1539":";","1540":"G","1541":"A","1542":"7","1543":"B","1544":"J","1545":",","1546":"U","1547":"A","1548":"4","1549":"B","1550":"K","1551":";","1552":"G","1553":"A","1554":"3","1555":"B","1556":"J","1557":",","1558":"U","1559":"A","1560":"W","1561":"Q","1562":";","1563":";","1564":";","1565":";","1566":";","1567":";","1568":";","1569":";","1570":";","1571":";","1572":";","1573":";","1574":";","1575":";","1576":";","1577":";","1578":";","1579":";","1580":";","1581":";","1582":";","1583":";","1584":";","1585":";","1586":"i","1587":"C","1588":"A","1589":"C","1590":"H","1591":",","1592":"G","1593":"A","1594":"A","1595":"q","1596":"B","1597":";","1598":";","1599":";","1600":";","1601":";","1602":";","1603":";","1604":";","1605":";","1606":";","1607":";","1608":";","1609":";","1610":"8","1611":"B","1612":"A","1613":"K","1614":"r","1615":"B","1616":",","1617":"G","1618":"A","1619":"A","1620":"k","1621":"B","1622":";","1623":";","1624":";","1625":";","1626":";","1627":";","1628":";","1629":";","1630":";","1631":";","1632":";","1633":";","1634":";","1635":"q","1636":"H","1637":"A","1638":"p","1639":"E","1640":"P","1641":",","1642":"G","1643":"A","1644":"A","1645":"g","1646":"B","1647":",","1648":"M","1649":"A","1650":"A","1651":"G","1652":",","1653":"Y","1654":"A","1655":"A","1656":"Y","1657":",","1658":"G","1659":"A","1660":"A","1661":"G","1662":",","1663":"E","1664":"A","1665":"A","1666":"E","1667":";","1668":";","1669":";","1670":";","1671":";","1672":";","1673":";","1674":";","1675":";","1676":";","1677":";","1678":";","1679":";","1680":";","1681":";","1682":";","1683":";","1684":";","1685":";","1686":";","1687":";","1688":";","1689":";","1690":";","1691":";","1692":";","1693":";","1694":";","1695":";","1696":";","1697":";","1698":";","1699":";","1700":";","1701":";","1702":";","1703":";","1704":";","1705":";","1706":";","1707":";","1708":";","1709":";","1710":";","1711":";","1712":";","1713":";","1714":";","1715":";","1716":";","1717":";","1718":";","1719":";","1720":";","1721":";","1722":";","1723":";","1724":";","1725":";","1726":";","1727":";","1728":";","1729":";","1730":";","1731":";","1732":";","1733":";","1734":";","1735":";","1736":";","1737":";","1738":";","1739":";","1740":";","1741":";","1742":"m","1743":"C","1744":"A","1745":"s","1746":"D","1747":"l","1748":"D","1749":",","1750":"g","1751":"B","1752":"A","1753":"A","1754":"g","1755":"B","1756":",","1757":"G","1758":"A","1759":"A","1760":"G","1761":",","1762":"K","1763":"A","1764":"A","1765":"A","1766":";","1767":"k","1768":"B","1769":"A","1770":"C","1771":"n","1772":"B","1773":",","1774":"i","1775":"B","1776":"A","1777":"A","1778":"i","1779":"B","1780":",","1781":"G","1782":"A","1783":"A","1784":"G","1785":",","1786":"I","1787":"A","1788":"A","1789":"A","1790":";","1791":"k","1792":"B","1793":"A","1794":"C","1795":"p","1796":"B","1797":",","1798":"q","1799":"B","1800":"A","1801":"A","1802":"q","1803":"B","1804":",","1805":"G","1806":"A","1807":"A","1808":"G","1809":",","1810":"I","1811":"A","1812":"A","1813":"A","1814":";","1815":"k","1816":"B","1817":"A","1818":"C","1819":"x","1820":"B","1821":",","1822":"k","1823":"B","1824":"A","1825":"A","1826":"k","1827":"B","1828":",","1829":"G","1830":"A","1831":"A","1832":"G","1833":",","1834":"K","1835":"A","1836":"A","1837":"A","1838":";","1839":"k","1840":"B","1841":"A","1842":"C","1843":"r","1844":"B","1845":",","1846":"W","1847":"A","1848":"A","1849":"W","1850":",","1851":"G","1852":"A","1853":"A","1854":"G","1855":",","1856":"K","1857":"A","1858":"A","1859":"A","1860":";","1861":";","1862":";","1863":";","1864":"k","1865":"B","1866":"A","1867":"c","1868":"b","1869":",","1870":"k","1871":"B","1872":"A","1873":"A","1874":"k","1875":"B","1876":",","1877":"G","1878":"A","1879":"A","1880":"G","1881":",","1882":"K","1883":"A","1884":"A","1885":"A","1886":";","1887":"k","1888":"B","1889":"A","1890":"C","1891":"r","1892":"B","1893":",","1894":"q","1895":"B","1896":"A","1897":"A","1898":"q","1899":"B","1900":",","1901":"G","1902":"A","1903":"A","1904":"G","1905":",","1906":"I","1907":"A","1908":"A","1909":"A","1910":";","1911":"k","1912":"B","1913":"A","1914":"C","1915":"x","1916":"B","1917":",","1918":"W","1919":"A","1920":"A","1921":"W","1922":",","1923":"G","1924":"A","1925":"A","1926":"G","1927":",","1928":"K","1929":"A","1930":"A","1931":"A","1932":";","1933":";","1934":";","1935":";","1936":";","1937":";","1938":";","1939":";","1940":";","1941":";","1942":";","1943":";","1944":";","1945":";","1946":";","1947":";","1948":";","1949":";","1950":";","1951":";","1952":";","1953":";","1954":";","1955":";","1956":";","1957":";","1958":";","1959":";","1960":";","1961":";","1962":";","1963":";","1964":";","1965":";","1966":";","1967":";","1968":";","1969":";","1970":";","1971":";","1972":";","1973":";","1974":";","1975":";","1976":";","1977":";","1978":";","1979":";","1980":";","1981":";","1982":";","1983":";","1984":";","1985":";","1986":";","1987":";","1988":";","1989":";","1990":";","1991":";","1992":";","1993":";","1994":";","1995":";","1996":";","1997":";","1998":"\"","1999":",","2000":"\"","2001":"n","2002":"a","2003":"m","2004":"e","2005":"s","2006":"\"","2007":":","2008":"[","2009":"]","2010":",","2011":"\"","2012":"s","2013":"o","2014":"u","2015":"r","2016":"c","2017":"e","2018":"s","2019":"\"","2020":":","2021":"[","2022":"\"","2023":"C","2024":"h","2025":"e","2026":"c","2027":"k","2028":"o","2029":"u","2030":"t","2031":".","2032":"s","2033":"v","2034":"e","2035":"l","2036":"t","2037":"e","2038":"\"","2039":"]","2040":"}"},"_coverageSchema":"1a1c01bbd47fc00a2c39e90264f33305004495a9","hash":"aafb1d6fefea137bb48127c1bd3413e4c9c39d3d"}
,"/Users/m0g01m5/dev/fiber/stickerfy/webapp/src/lib/components/OpenCart.svelte": {"path":"/Users/m0g01m5/dev/fiber/stickerfy/webapp/src/lib/components/OpenCart.svelte","statementMap":{"0":{"start":{"line":4,"column":261},"end":{"line":4,"column":287}},"1":{"start":{"line":5,"column":42},"end":{"line":5,"column":77}},"2":{"start":{"line":6,"column":13},"end":{"line":6,"column":30}},"3":{"start":{"line":11,"column":33},"end":{"line":11,"column":51}},"4":{"start":{"line":14,"column":15},"end":{"line":32,"column":2}},"5":{"start":{"line":16,"column":3},"end":{"line":16,"column":26}},"6":{"start":{"line":17,"column":3},"end":{"line":17,"column":21}},"7":{"start":{"line":18,"column":3},"end":{"line":18,"column":52}},"8":{"start":{"line":19,"column":3},"end":{"line":19,"column":42}},"9":{"start":{"line":20,"column":3},"end":{"line":20,"column":40}},"10":{"start":{"line":23,"column":3},"end":{"line":23,"column":36}},"11":{"start":{"line":24,"column":3},"end":{"line":24,"column":23}},"12":{"start":{"line":27,"column":3},"end":{"line":27,"column":125}},"13":{"start":{"line":27,"column":100},"end":{"line":27,"column":125}},"14":{"start":{"line":30,"column":3},"end":{"line":30,"column":35}},"15":{"start":{"line":30,"column":18},"end":{"line":30,"column":35}},"16":{"start":{"line":34,"column":1},"end":{"line":40,"column":4}},"17":{"start":{"line":42,"column":1},"end":{"line":42,"column":14}},"18":{"start":{"line":52,"column":34},"end":{"line":52,"column":75}},"19":{"start":{"line":54,"column":15},"end":{"line":107,"column":2}},"20":{"start":{"line":56,"column":3},"end":{"line":56,"column":30}},"21":{"start":{"line":57,"column":3},"end":{"line":57,"column":20}},"22":{"start":{"line":58,"column":3},"end":{"line":58,"column":15}},"23":{"start":{"line":59,"column":3},"end":{"line":59,"column":30}},"24":{"start":{"line":59,"column":17},"end":{"line":59,"column":30}},"25":{"start":{"line":60,"column":3},"end":{"line":60,"column":59}},"26":{"start":{"line":61,"column":3},"end":{"line":61,"column":37}},"27":{"start":{"line":62,"column":3},"end":{"line":62,"column":36}},"28":{"start":{"line":63,"column":3},"end":{"line":63,"column":51}},"29":{"start":{"line":64,"column":3},"end":{"line":64,"column":78}},"30":{"start":{"line":65,"column":3},"end":{"line":65,"column":41}},"31":{"start":{"line":68,"column":3},"end":{"line":68,"column":114}},"32":{"start":{"line":71,"column":3},"end":{"line":71,"column":38}},"33":{"start":{"line":72,"column":3},"end":{"line":72,"column":25}},"34":{"start":{"line":73,"column":3},"end":{"line":73,"column":25}},"35":{"start":{"line":74,"column":3},"end":{"line":74,"column":42}},"36":{"start":{"line":74,"column":17},"end":{"line":74,"column":42}},"37":{"start":{"line":76,"column":3},"end":{"line":79,"column":4}},"38":{"start":{"line":77,"column":4},"end":{"line":77,"column":96}},"39":{"start":{"line":78,"column":4},"end":{"line":78,"column":19}},"40":{"start":{"line":82,"column":3},"end":{"line":93,"column":4}},"41":{"start":{"line":83,"column":4},"end":{"line":89,"column":5}},"42":{"start":{"line":84,"column":5},"end":{"line":84,"column":28}},"43":{"start":{"line":86,"column":5},"end":{"line":86,"column":37}},"44":{"start":{"line":87,
[...]
,"178":2,"179":2,"180":2,"181":2,"182":3,"183":2,"184":2,"185":2,"186":2,"187":2,"188":0,"189":2,"190":2,"191":2,"192":0,"193":2,"194":1,"195":2,"196":0,"197":2,"198":0,"199":2,"200":0,"201":0,"202":2,"203":0,"204":2,"205":0,"206":0,"207":0,"208":0,"209":2,"210":0,"211":2,"212":3,"213":3,"214":3,"215":1,"216":2,"217":2,"218":2,"219":2,"220":0,"221":0,"222":0,"223":1,"224":1},"f":{"0":2,"1":2,"2":2,"3":0,"4":2,"5":1,"6":1,"7":1,"8":0,"9":1,"10":2,"11":2,"12":0,"13":2,"14":1,"15":2,"16":2,"17":3,"18":2,"19":2,"20":1,"21":0,"22":0,"23":0,"24":0,"25":0,"26":3,"27":1,"28":2,"29":0,"30":0},"b":{"0":[2,0],"1":[0,0],"2":[0,0],"3":[1,1],"4":[1,0],"5":[0,0],"6":[0,0],"7":[0,0],"8":[0,0],"9":[0,0],"10":[0,0],"11":[0,1],"12":[2,2],"13":[2,0],"14":[2,0],"15":[0,2],"16":[2,0],"17":[2,0],"18":[0,2],"19":[0,1],"20":[1,0],"21":[0,1],"22":[1,0],"23":[0,1],"24":[1,0],"25":[0,1],"26":[1,0],"27":[0,1],"28":[1,0],"29":[0,1],"30":[0,0],"31":[1,0],"32":[1,0],"33":[0,1],"34":[0,0],"35":[2,0],"36":[1,1],"37":[1,1],"38":[2],"39":[0,2],"40":[2,0],"41":[0,0],"42":[0,2],"43":[2,0,0],"44":[0,0],"45":[0,0],"46":[0,0],"47":[0,2],"48":[2,2],"49":[3,0],"50":[1,0]},"inputSourceMap":{"0":"{","1":"\"","2":"v","3":"e","4":"r","5":"s","6":"i","7":"o","8":"n","9":"\"","10":":","11":"3","12":",","13":"\"","14":"m","15":"a","16":"p","17":"p","18":"i","19":"n","20":"g","21":"s","22":"\"","23":":","24":"\"","25":";","26":";","27":";","28":";","29":"Q","30":"A","31":"A","32":"i","33":"B","34":",","35":"Y","36":"A","37":"A","38":"A","39":",","40":"E","41":"A","42":"A","43":"A","44":",","45":"S","46":"A","47":"A","48":"A","49":",","50":"E","51":"A","52":"A","53":"A","54":",","55":"Q","56":"A","57":"A","58":"A","59":",","60":"E","61":"A","62":"A","63":"A","64":",","65":"S","66":"A","67":"A","68":"A","69":";","70":";","71":";","72":";","73":";","74":";","75":";","76":";","77":";","78":";","79":";","80":";","81":";","82":";","83":";","84":";","85":"Y","86":"A","87":"+","88":"B","89":"b","90":",","91":"c","92":"A","93":"E","94":"A","95":";","96":";","97":"m","98":"F","99":"A","100":"N","101":"m","102":"B","103":",","104":"G","105":"A","106":"A","107":"O","108":",","109":"I","110":"A","111":"A","112":"C","113":",","114":"E","115":"A","116":"A","117":"E","118":";","119":";","120":";","121":";","122":";","123":";","124":"G","125":"A","126":"H","127":"9","128":"B","129":",","130":"U","131":"A","132":"U","133":"K","134":";","135":"G","136":"A","137":"T","138":"J","139":",","140":"U","141":"A","142":"Q","143":"Q","144":";","145":";","146":";","147":";","148":";","149":";","150":";","151":";","152":";","153":"8","154":"G","155":"A","156":"N","157":"W","158":",","159":"G","160":"A","161":"A","162":"O","163":",","164":"I","165":"A","166":"A","167":"C","168":",","169":"E","170":"A","171":"A","172":"E","173":";","174":";","175":";","176":";","177":";","178":";","179":";","180":";","181":";","182":";","183":";","184":";","185":";","186":";","187":";","188":";","189":";","190":";","191":";","192":";","193":";","194":";","195":";","196":";","197":";","198":";","199":";","200":";","201":";","202":";","203":";","204":"g","205":"C","206":"A","207":"q","208":"B","209":"C","210":",","211":"G","212":"A","213":"A","214":"W","215":",","216":"I","217":"A","218":"A","219":"C","220":",","221":"Q","222":"A","223":"A","224":"Q","225":";","226":";","227":";","228":";","229":";","230":";","231":";","232":";","233":";","234":";","235":";","236":";","237":";","238":";","239":";","240":";","241":";","242":";","243":";","244":";","245":";","246":";","247":";","248":";","249":"u","250":"F","251":"A","252":"P","253":"5","254":"B","255":",","256":"G","257":"A","258":"A","259":"O","260":",","261":"I","262":"A","263":"A","264":"C","265":",","266":"E","267":"A","268":"A","269":"E","270":";","271":";","272":";","273":";","274":";","275":";","276":";","277":"s","278":"F","279":"A","280":"U","281":"X","282":",","283":"G","284":"A","285":"A","286":"O","287":",","288":"I","289":"A","290":"A","291":"C","292":",","293":"E","294":"A","295":"A","296":"E","297":";","298":";","299":";","300":";","301":";","302":";","303":";","304":";","305":"G","306":"A","307":"d","308":"h","309":"C","310":",","311":"U","312":"A","313":"s","314":"B","315":"K","316":";","317":"G","318":"A","319":"r","320":"B","321":"J","322":",","323":"U","324":"A","325":"o","326":"B","327":"K","328":";","329":"G","330":"A","331":"n","332":"B","333":"J","334":",","335":"U","336":"A","337":"Q","338":"Q","339":";","340":"G","341":"A","342":"D","343":"P","344":",","345":"U","346":"A","347":"A","348":"8","349":"B","350":";","351":";","352":"G","353":"A","354":"E","355":"/","356":"B","357":",","358":"U","359":"A","360":"A","361":"0","362":"D","363":";","364":";","365":";","366":"G","367":"A","368":"C","369":"1","370":"D","371":",","372":"U","373":"A","374":"Q","375":"Q","376":";","377":"G","378":"A","379":"D","380":"P","381":",","382":"U","383":"A","384":"A","385":"6","386":"B","387":";","388":";","389":";","390":";","391":";","392":";","393":";","394":";","395":";","396":";","397":";","398":";","399":"k","400":"H","401":"A","402":"f","403":"T","404":",","405":"G","406":"A","407":"A","408":"O","409":",","410":"I","411":"A","412":"A","413":"C","414":",","415":"E","416":"A","417":"A","418":"E","419":";","420":";","421":";","422":";","423":"6","424":"E","425":"A","426":"O","427":"F","428":",","429":"G","430":"A","431":"A","432":"W","433":",","434":"I","435":"A","436":"A","437":"C","438":",","439":"Q","440":"A","441":"A","442":"Q","443":";","444":";","445":"i","446":"H","447":"A","448":"G","449":"7","450":"B","451":",","452":"G","453":"A","454":"A","455":"O","456":",","457":"I","458":"A","459":"A","460":"C","461":",","462":"E","463":"A","464":"A","465":"E","466":";","467":";","468":";","469":";","470":";","471":";","472":";","473":";","474":";","475":";","476":";","477":";","478":";","479":";","480":";","481":";","482":";","483":";","484":";","485":";","486":";","487":";","488":";","489":";","490":";","491":";","492":";","493":";","494":";","495":";","496":";","497":"4","498":"B","499":"A","500":"p","501":"C","502":"/","503":"B","504":",","505":"G","506":"A","507":"A","508":"O","509":",","510":"I","511":"A","512":"A","513":"C","514":",","515":"K","516":"A","517":"A","518":"K","519":";","520":";","521":";","522":";","523":";","524":"4","525":"B","526":"A","527":"E","528":"T","529":",","530":"G","531":"A","532":"A","533":"O","534":",","535":"I","536":"A","537":"A","538":"C","539":",","540":"K","541":"A","542":"A","543":"K","544":";","545":";","546":";","547":";","548":"4","549":"B","550":"A","551":"I","552":"j","553":"B","554":",","555":"G","556":"A","557":"A","558":"O","559":",","560":"I","561":"A","562":"A","563":"C","564":",","565":"W","566":"A","567":"A","568":"W","569":";","570":";","571":";","572":";","573":"i","574":"C","575":"A","576":"E","577":"h","578":"B","579":",","580":"G","581":"A","582":"A","583":"W","584":",","585":"O","586":"A","587":"A","588":"I","589":",","590":"S","591":"A","592":"A","593":"S","594":";","595":"i","596":"C","597":"A","598":"a","599":"x","600":"B","601":",","602":"G","603":"A","604":"A","605":"W","606":",","607":"O","608":"A","609":"A","610":"I","611":",","612":"S","613":"A","614":"A","615":"S","616":";","617":";","618":";","619":";","620":";","621":";","622":";","623":";","624":";","625":";","626":";","627":";","628":";","629":"a","630":"A","631":"n","632":"B","633":"1","634":"B","635":",","636":"I","637":"A","638":"A","639":"E","640":";","641":";","642":";","643":";","644":";","645":";","646":";","647":";","648":";","649":";","650":"2","651":"D","652":"A","653":"N","654":"g","655":"D","656":",","657":"G","658":"A","659":"A","660":"O","661":",","662":"I","663":"A","664":"A","665":"C","666":",","667":"U","668":"A","669":"A","670":"U","671":";","672":"o","673":"D","674":"A","675":"A","676":"O","677":",","678":"G","679":"A","680":"A","681":"O","682":",","683":"I","684":"A","685":"A","686":"C","687":",","688":"K","689":"A","690":"A","691":"K","692":";","693":";","694":";","695":";","696":";","697":";","698":";","699":";","700":";","701":";","702":";","703":";","704":";","705":";","706":";","707":";","708":";","709":";","710":";","711":";","712":"G","713":"A","714":"F","715":"7","716":"F","717":",","718":"U","719":"A","720":"q","721":"D","722":"K","723":";","724":"G","725":"A","726":"p","727":"D","728":"J","729":",","730":"U","731":"A","732":"E","733":"Q","734":";","735":"G","736":"A","737":"D","738":"P","739":",","740":"U","741":"A","742":"A","743":"8","744":"F","745":";","746":";","747":"G","748":"A","749":"E","750":"/","751":"F","752":",","753":"U","754":"A","755":"g","756":"D","757":"K","758":";","759":"G","760":"A","761":"/","762":"C","763":"J","764":",","765":"U","766":"A","767":"K","768":"I","769":";","770":";","771":";","772":"G","773":"A","774":"H","775":"H","776":",","777":"U","778":"A","779":"E","780":"A","781":";","782":";","783":";","784":";","785":"G","786":"A","787":"E","788":"D","789":",","790":"U","791":"A","792":"E","793":"G","794":";","795":";","796":";","797":";","798":";","799":";","800":";","801":";","802":"o","803":"F","804":"A","805":"X","806":"k","807":"D","808":",","809":"G","810":"A","811":"A","812":"O","813":",","814":"I","815":"A","816":"A","817":"C","818":",","819":"U","820":"A","821":"A","822":"U","823":";","824":";","825":";","826":";","827":"+","828":"E","829":"A","830":"A","831":"O","832":",","833":"G","834":"A","835":"A","836":"O","837":",","838":"I","839":"A","840":"A","841":"C","842":",","843":"K","844":"A","845":"A","846":"K","847":";","848":";","849":";","850":";","851":"q","852":"E","853":"A","854":"I","855":"z","856":"F","857":",","858":"G","859":"A","860":"A","861":"O","862":",","863":"I","864":"A","865":"A","866":"C","867":",","868":"K","869":"A","870":"A","871":"K","872":";","873":"q","874":"E","875":"A","876":"E","877":"T","878":",","879":"G","880":"A","881":"A","882":"O","883":",","884":"I","885":"A","886":"A","887":"C","888":",","889":"K","890":"A","891":"A","892":"K","893":";","894":"q","895":"E","896":"A","897":"I","898":"j","899":"B","900":",","901":"G","902":"A","903":"A","904":"O","905":",","906":"I","907":"A","908":"A","909":"C","910":",","911":"W","912":"A","913":"A","914":"W","915":";","916":";","917":"u","918":"B","919":"A","920":"E","921":"h","922":"B","923":",","924":"G","925":"A","926":"A","927":"W","928":",","929":"O","930":"A","931":"A","932":"I","933":",","934":"S","935":"A","936":"A","937":"S","938":";","939":";","940":";","941":";","942":";","943":";","944":";","945":";","946":";","947":";","948":";","949":";","950":";","951":"u","952":"B","953":"A","954":"a","955":"x","956":"B","957":",","958":"G","959":"A","960":"A","961":"W","962":",","963":"O","964":"A","965":"A","966":"I","967":",","968":"S","969":"A","970":"A","971":"S","972":";","973":";","974":";","975":";","976":";","977":";","978":";","979":";","980":";","981":";","982":";","983":";","984":";","985":";","986":";","987":";","988":";","989":";","990":";","991":";","992":";","993":";","994":";","995":";","996":";","997":";","998":";","999":";","1000":";","1001":";","1002":";","1003":";","1004":";","1005":";","1006":";","1007":";","1008":";","1009":";","1010":";","1011":";","1012":";","1013":";","1014":";","1015":";","1016":";","1017":";","1018":";","1019":";","1020":";","1021":";","1022":";","1023":";","1024":";","1025":";","1026":";","1027":"E","1028":"A","1029":"P","1030":"z","1031":"B","1032":",","1033":"S","1034":"A","1035":"A","1036":"S","1037":",","1038":"C","1039":"A","1040":"A","1041":"C","1042":",","1043":"O","1044":"A","1045":"A","1046":"O","1047":";","1048":";","1049":";","1050":";","1051":"E","1052":"A","1053":"c","1054":"h","1055":"B","1056":",","1057":"S","1058":"A","1059":"A","1060":"S","1061":",","1062":"C","1063":"A","1064":"A","1065":"C","1066":",","1067":"O","1068":"A","1069":"A","1070":"O","1071":";","1072":";","1073":";","1074":";","1075":"E","1076":"A","1077":"U","1078":"j","1079":"B","1080":",","1081":"Q","1082":"A","1083":"A","1084":"Q","1085":",","1086":"C","1087":"A","1088":"A","1089":"C","1090":",","1091":"O","1092":"A","1093":"A","1094":"O","1095":";","1096":";","1097":";","1098":";","1099":";","1100":";","1101":";","1102":";","1103":";","1104":";","1105":";","1106":";","1107":";","1108":";","1109":";","1110":";","1111":";","1112":";","1113":";","1114":";","1115":";","1116":";","1117":";","1118":";","1119":";","1120":";","1121":";","1122":";","1123":";","1124":";","1125":";","1126":";","1127":";","1128":";","1129":";","1130":";","1131":";","1132":";","1133":";","1134":";","1135":";","1136":";","1137":";","1138":";","1139":";","1140":";","1141":";","1142":";","1143":";","1144":";","1145":";","1146":";","1147":";","1148":";","1149":";","1150":";","1151":";","1152":";","1153":";","1154":";","1155":";","1156":";","1157":";","1158":";","1159":";","1160":"\"","1161":",","1162":"\"","1163":"n","1164":"a","1165":"m","1166":"e","1167":"s","1168":"\"","1169":":","1170":"[","1171":"]","1172":",","1173":"\"","1174":"s","1175":"o","1176":"u","1177":"r","1178":"c","1179":"e","1180":"s","1181":"\"","1182":":","1183":"[","1184":"\"","1185":"P","1186":"r","1187":"o","1188":"d","1189":"u","1190":"c","1191":"t","1192":"C","1193":"a","1194":"r","1195":"d","1196":".","1197":"s","1198":"v","1199":"e","1200":"l","1201":"t","1202":"e","1203":"\"","1204":"]","1205":"}"},"_coverageSchema":"1a1c01bbd47fc00a2c39e90264f33305004495a9","hash":"3ce874b86ff4488a5c63d2a31e28b21dc4133a1f"}
,"/Users/m0g01m5/dev/fiber/stickerfy/webapp/src/lib/stores/shoppingCart.ts": {"path":"/Users/m0g01m5/dev/fiber/stickerfy/webapp/src/lib/stores/shoppingCart.ts","statementMap":{"0":{"start":{"line":2,"column":0},"end":{"line":2,"column":62}},"1":{"start":{"line":3,"column":0},"end":{"line":3,"column":143}},"2":{"start":{"line":4,"column":16},"end":{"line":4,"column":39}},"3":{"start":{"line":5,"column":0},"end":{"line":5,"column":49}},"4":{"start":{"line":6,"column":11},"end":{"line":6,"column":13}},"5":{"start":{"line":7,"column":18},"end":{"line":24,"column":1}},"6":{"start":{"line":8,"column":20},"end":{"line":8,"column":21}},"7":{"start":{"line":9,"column":4},"end":{"line":20,"column":5}},"8":{"start":{"line":10,"column":8},"end":{"line":19,"column":9}},"9":{"start":{"line":11,"column":12},"end":{"line":17,"column":13}},"10":{"start":{"line":12,"column":16},"end":{"line":12,"column":35}},"11":{"start":{"line":13,"column":16},"end":{"line":13,"column":39}},"12":{"start":{"line":14,"column":16},"end":{"line":14,"column":39}},"13":{"start":{"line":15,"column":16},"end":{"line":15,"column":47}},"14":{"start":{"line":16,"column":16},"end":{"line":16,"column":23}},"15":{"start":{"line":18,"column":12},"end":{"line":18,"column":24}},"16":{"start":{"line":21,"column":17},"end":{"line":21,"column":50}},"17":{"start":{"line":22,"column":4},"end":{"line":22,"column":27}},"18":{"start":{"line":23,"column":4},"end":{"line":23,"column":35}},"19":{"start":{"line":25,"column":0},"end":{"line":25,"column":30}},"20":{"start":{"line":26,"column":18},"end":{"line":45,"column":1}},"21":{"start":{"line":27,"column":20},"end":{"line":27,"column":21}},"22":{"start":{"line":28,"column":4},"end":{"line":44,"column":5}},"23":{"start":{"line":29,"column":8},"end":{"line":43,"column":9}},"24":{"start":{"line":30,"column":12},"end":{"line":41,"column":13}},"25":{"start":{"line":31,"column":16},"end":{"line":39,"column":17}},"26":{"start":{"line":32,"column":20},"end":{"line":32,"column":39}},"27":{"start":{"line":33,"column":20},"end":{"line":33,"column":43}},"28":{"start":{"line":34,"column":20},"end":{"line":34,"column":51}},"29":{"start":{"line":37,"column":20},"end":{"line":37,"column":88}},"30":{"start":{"line":37,"column":53},"end":{"line":37,"column":86}},"31":{"start":{"line":38,"column":20},"end":{"line":38,"column":51}},"32":{"start":{"line":40,"column":16},"end":{"line":40,"column":23}},"33":{"start":{"line":42,"column":12},"end":{"line":42,"column":24}},"34":{"start":{"line":46,"column":0},"end":{"line":46,"column":30}},"35":{"start":{"line":47,"column":17},"end":{"line":60,"column":1}},"36":{"start":{"line":48,"column":20},"end":{"line":48,"column":21}},"37":{"start":{"line":49,"column":4},"end":{"line":59,"column":5}},"38":{"start":{"line":50,"column":8},"end":{"line":58,"column":9}},"39":{"start":{"line":51,"column":12},"end":{"line":56,"column":13}},"40":{"start":{"line":52,"column":16},"end":{"line":52,"column":35}},"41":{"start":{"line":53,"column":16},"end":{"line":53,"column":39}},"42":{"start":{"line":54,"column":16},"end":{"line":54,"column":47}},"43":{"start":{"line":55,"column":16},"end":{"line":55,"column":23}},"44":{"start":{"line":57,"column":12},"end":{"line":57,"column":24}},"45":{"start":{"line":61,"column":0},"end":{"line":61,"column":28}},"46":{"start":{"line":62,"column":26},"end":{"line":65,"column":1}},"47":{"start":{"line":63,"column":4},"end":{"line":63,"column":33}},"48":{"start":{"line":64,"column":4},"end":{"line":64,"column":14}},"49":{"start":{"line":66,"column":0},"end":{"line":66,"column":46}},"50":{"start":{"line":67,"column":0},"end":{"line":67,"column":55}}},"fnMap":{"0":{"name":"(anonymous_0)","decl":{"start":{"line":7,"column":18},"end":{"line":7,"column":19}},"loc":{"start":{"line":7,"column":31},"end":{"line":24,"column":1}},"line":7},"1":{"name":"(anonymous_1)","decl":{"start":{"line":26,"column":18},"end":{"line":26,"column":19}},"loc":{"start":{"line":26,"column":31},"end":{"line":45,"column":1}},"line":26},"2":{"name":"(anonymous_2)","decl":{"start":{"line":37,"column":39},"end":{"line":37,"column":40}},"loc":{"start":{"line":37,"column":53},"end":{"line":37,"column":86}},"line":37},"3":{"name":"(anonymous_3)","decl":{"start":{"line":47,"column":17},"end":{"line":47,"column":18}},"loc":{"start":{"line":47,"column":30},"end":{"line":60,"column":1}},"line":47},"4":{"name":"(anonymous_4)","decl":{"start":{"line":62,"column":26},"end":{"line":62,"column":27}},"loc":{"start":{"line":62,"column":32},"end":{"line":65,"column":1}},"line":62}},"branchMap":{"0":{"loc":{"start":{"line":9,"column":4},"end":{"line":20,"column":5}},"type":"if","locations":[{"start":{"line":9,"column":4},"end":{"line":20,"column":5}},{"start":{},"end":{}}],"line":9},"1":{"loc":{"start":{"line":11,"column":12},"end":{"line":17,"column":13}},"type":"if","locations":[{"start":{"line":11,"column":12},"end":{"line":17,"column":13}},{"start":{},"end":{}}],"line":11},"2":{"loc":{"start":{"line":28,"column":4},"end":{"line":44,"column":5}},"type":"if","locations":[{"start":{"line":28,"column":4},"end":{"line":44,"column":5}},{"start":{},"end":{}}],"line":28},"3":{"loc":{"start":{"line":30,"column":12},"end":{"line":41,"column":13}},"type":"if","locations":[{"start":{"line":30,"column":12},"end":{"line":41,"column":13}},{"start":{},"end":{}}],"line":30},"4":{"loc":{"start":{"line":31,"column":16},"end":{"line":39,"column":17}},"type":"if","locations":[{"start":{"line":31,"column":16},"end":{"line":39,"column":17}},{"start":{"line":36,"column":21},"end":{"line":39,"column":17}}],"line":31},"5":{"loc":{"start":{"line":49,"column":4},"end":{"line":59,"column":5}},"type":"if","locations":[{"start":{"line":49,"column":4},"end":{"line":59,"column":5}},{"start":{},"end":{}}],"line":49},"6":{"loc":{"start":{"line":51,"column":12},"end":{"line":56,"column":13}},"type":"if","locations":[{"start":{"line":51,"column":12},"end":{"line":56,"column":13}},{"start":{},"end":{}}],"line":51}},"s":{"0":4,"1":4,"2":4,"3":4,"4":4,"5":4,"6":2,"7":2,"8":0,"9":0,"10":0,"11":0,"12":0,"13":0,"14":0,"15":0,"16":2,"17":2,"18":2,"19":4,"20":4,"21":3,"22":3,"23":0,"24":0,"25":0,"26":0,"27":0,"28":0,"29":0,"30":0,"31":0,"32":0,"33":0,"34":4,"35":4,"36":1,"37":1,"38":1,"39":1,"40":1,"41":1,"42":1,"43":1,"44":0,"45":4,"46":4,"47":3,"48":3,"49":4,"50":4},"f":{"0":2,"1":3,"2":0,"3":1,"4":3},"b":{"0":[0,2],"1":[0,0],"2":[0,3],"3":[0,0],"4":[0,0],"5":[1,0],"6":[1,0]},"_coverageSchema":"1a1c01bbd47fc00a2c39e90264f33305004495a9","hash":"b56707960260be962a139b52661f344024197825"}
}
