TN:
SF:src/lib/components/Checkout.svelte
FN:8,get_each_context
FN:15,create_else_block
FN:33,create
FN:63,mount
FN:80,update
FN:83,destroy
FN:102,create_if_block_2
FN:131,create
FN:180,mount
FN:208,update
FN:235,destroy
FN:253,create_each_block
FN:276,create
FN:303,mount
FN:319,update
FN:336,destroy
FN:353,create_if_block_1
FN:361,create
FN:367,mount
FN:376,update
FN:381,destroy
FN:400,create_if_block
FN:406,create
FN:412,mount
FN:421,destroy
FN:439,create_fragment
FN:451,select_block_type
FN:462,create
FN:483,claim
FN:486,mount
FN:503,update
FN:548,destroy
FN:569,instance
FN:574,(anonymous_33)
FN:576,(anonymous_34)
FN:585,(anonymous_35)
FN:612,(anonymous_36)
FN:616,(anonymous_37)
FN:624,(anonymous_38)
FN:630,(anonymous_39)
FN:645,(anonymous_40)
FN:658,(anonymous_41)
FN:660,(anonymous_42)
FN:680,(anonymous_43)
FNF:44
FNH:36
FNDA:7,get_each_context
FNDA:1,create_else_block
FNDA:1,create
FNDA:1,mount
FNDA:0,update
FNDA:1,destroy
FNDA:4,create_if_block_2
FNDA:4,create
FNDA:4,mount
FNDA:3,update
FNDA:4,destroy
FNDA:7,create_each_block
FNDA:7,create
FNDA:7,mount
FNDA:0,update
FNDA:7,destroy
FNDA:4,create_if_block_1
FNDA:4,create
FNDA:4,mount
FNDA:2,update
FNDA:4,destroy
FNDA:1,create_if_block
FNDA:1,create
FNDA:1,mount
FNDA:1,destroy
FNDA:4,create_fragment
FNDA:8,select_block_type
FNDA:4,create
FNDA:0,claim
FNDA:4,mount
FNDA:4,update
FNDA:4,destroy
FNDA:4,instance
FNDA:5,(anonymous_33)
FNDA:4,(anonymous_34)
FNDA:2,(anonymous_35)
FNDA:0,(anonymous_36)
FNDA:0,(anonymous_37)
FNDA:0,(anonymous_38)
FNDA:0,(anonymous_39)
FNDA:0,(anonymous_40)
FNDA:8,(anonymous_41)
FNDA:7,(anonymous_42)
FNDA:4,(anonymous_43)
DA:4,1
DA:5,1
DA:6,1
DA:9,7
DA:10,7
DA:11,7
DA:32,1
DA:34,1
DA:35,1
DA:36,1
DA:37,1
DA:38,1
DA:39,1
DA:40,1
DA:41,1
DA:42,1
DA:43,1
DA:44,1
DA:45,1
DA:46,1
DA:47,1
DA:48,1
DA:49,1
DA:50,1
DA:51,1
DA:52,1
DA:53,1
DA:54,1
DA:55,1
DA:56,1
DA:57,1
DA:58,1
DA:59,1
DA:60,1
DA:61,1
DA:64,1
DA:65,1
DA:66,1
DA:67,1
DA:68,1
DA:69,1
DA:70,1
DA:71,1
DA:72,1
DA:73,1
DA:74,1
DA:75,1
DA:76,1
DA:77,1
DA:78,1
DA:81,0
DA:84,1
DA:85,1
DA:86,1
DA:90,1
DA:98,1
DA:122,4
DA:123,4
DA:124,4
DA:126,4
DA:127,7
DA:130,4
DA:132,4
DA:133,4
DA:134,4
DA:135,4
DA:136,4
DA:137,4
DA:138,4
DA:139,4
DA:140,4
DA:141,4
DA:142,4
DA:143,4
DA:144,4
DA:145,4
DA:146,4
DA:147,4
DA:149,4
DA:150,7
DA:153,4
DA:154,4
DA:155,4
DA:156,4
DA:157,4
DA:158,4
DA:159,4
DA:160,4
DA:161,4
DA:162,4
DA:163,4
DA:164,4
DA:165,4
DA:166,4
DA:167,4
DA:168,4
DA:169,4
DA:170,4
DA:171,4
DA:172,4
DA:173,4
DA:174,4
DA:175,4
DA:176,4
DA:177,4
DA:178,4
DA:181,4
DA:182,4
DA:183,4
DA:184,4
DA:185,4
DA:186,4
DA:187,4
DA:188,4
DA:189,4
DA:190,4
DA:191,4
DA:192,4
DA:193,4
DA:195,4
DA:196,7
DA:197,7
DA:201,4
DA:202,4
DA:203,4
DA:204,4
DA:205,4
DA:206,4
DA:209,3
DA:210,0
DA:211,0
DA:214,0
DA:215,0
DA:217,0
DA:218,0
DA:220,0
DA:221,0
DA:222,0
DA:226,0
DA:227,0
DA:230,0
DA:233,3
DA:236,4
DA:237,4
DA:241,4
DA:249,4
DA:261,7
DA:265,7
DA:270,7
DA:275,7
DA:277,7
DA:278,7
DA:279,7
DA:280,7
DA:281,7
DA:282,7
DA:283,7
DA:284,7
DA:285,7
DA:286,7
DA:287,7
DA:288,7
DA:289,7
DA:290,7
DA:291,7
DA:292,7
DA:293,7
DA:294,7
DA:295,7
DA:296,7
DA:297,7
DA:298,7
DA:299,7
DA:300,7
DA:301,7
DA:304,7
DA:305,7
DA:306,7
DA:307,7
DA:308,7
DA:309,7
DA:310,7
DA:311,7
DA:312,7
DA:313,7
DA:314,7
DA:315,7
DA:316,7
DA:317,7
DA:320,0
DA:321,0
DA:324,0
DA:325,0
DA:328,0
DA:329,0
DA:330,0
DA:332,0
DA:333,0
DA:337,7
DA:341,7
DA:349,7
DA:360,4
DA:362,4
DA:363,4
DA:364,4
DA:365,4
DA:368,4
DA:369,4
DA:371,4
DA:372,4
DA:373,4
DA:377,2
DA:378,2
DA:382,4
DA:383,4
DA:384,4
DA:388,4
DA:396,4
DA:405,1
DA:407,1
DA:408,1
DA:409,1
DA:410,1
DA:413,1
DA:415,1
DA:416,1
DA:417,1
DA:422,1
DA:423,1
DA:424,1
DA:428,1
DA:436,1
DA:452,8
DA:453,1
DA:456,4
DA:457,4
DA:458,4
DA:459,4
DA:461,4
DA:463,4
DA:464,4
DA:465,4
DA:466,4
DA:467,4
DA:468,4
DA:469,4
DA:470,4
DA:471,4
DA:472,4
DA:473,4
DA:474,4
DA:475,4
DA:476,4
DA:477,4
DA:478,4
DA:479,4
DA:480,4
DA:481,4
DA:484,0
DA:487,4
DA:488,4
DA:489,4
DA:490,4
DA:491,4
DA:492,4
DA:493,4
DA:494,4
DA:495,4
DA:496,4
DA:498,4
DA:499,4
DA:500,4
DA:504,4
DA:505,3
DA:507,1
DA:508,1
DA:510,1
DA:511,1
DA:512,1
DA:516,4
DA:517,2
DA:518,2
DA:520,0
DA:521,0
DA:522,0
DA:524,2
DA:525,2
DA:526,2
DA:529,4
DA:530,1
DA:531,0
DA:533,1
DA:534,1
DA:535,1
DA:537,3
DA:538,0
DA:539,0
DA:542,4
DA:543,0
DA:549,4
DA:550,4
DA:551,4
DA:552,4
DA:553,4
DA:554,4
DA:558,4
DA:566,4
DA:573,4
DA:574,5
DA:575,4
DA:576,4
DA:577,4
DA:578,4
DA:579,4
DA:580,4
DA:581,4
DA:582,4
DA:583,4
DA:585,4
DA:586,2
DA:587,2
DA:589,2
DA:590,2
DA:596,1
DA:597,1
DA:598,1
DA:599,1
DA:600,1
DA:601,1
DA:602,1
DA:604,1
DA:605,1
DA:606,1
DA:610,4
DA:612,4
DA:613,0
DA:616,4
DA:617,0
DA:618,0
DA:619,0
DA:620,0
DA:621,0
DA:624,4
DA:625,0
DA:626,0
DA:627,0
DA:630,4
DA:645,4
DA:646,0
DA:647,0
DA:648,0
DA:649,0
DA:650,0
DA:651,0
DA:654,4
DA:655,0
DA:658,4
DA:659,8
DA:660,7
DA:664,4
DA:681,4
DA:682,4
DA:684,4
DA:693,1
LF:364
LH:318
BRDA:81,0,0,0
BRDA:81,0,1,0
BRDA:84,1,0,0
BRDA:84,1,1,1
BRDA:85,2,0,0
BRDA:85,2,1,1
BRDA:86,3,0,0
BRDA:86,3,1,1
BRDA:196,4,0,7
BRDA:196,4,1,0
BRDA:209,5,0,0
BRDA:209,5,1,3
BRDA:217,6,0,0
BRDA:217,6,1,0
BRDA:233,7,0,0
BRDA:233,7,1,3
BRDA:236,8,0,1
BRDA:236,8,1,3
BRDA:292,9,0,7
BRDA:292,9,1,0
BRDA:320,10,0,0
BRDA:320,10,1,0
BRDA:320,11,0,0
BRDA:320,11,1,0
BRDA:324,12,0,0
BRDA:324,12,1,0
BRDA:324,13,0,0
BRDA:324,13,1,0
BRDA:328,14,0,0
BRDA:328,14,1,0
BRDA:328,15,0,0
BRDA:328,15,1,0
BRDA:329,16,0,0
BRDA:329,16,1,0
BRDA:329,17,0,0
BRDA:329,17,1,0
BRDA:330,18,0,0
BRDA:330,18,1,0
BRDA:330,19,0,0
BRDA:330,19,1,0
BRDA:332,20,0,0
BRDA:332,20,1,0
BRDA:332,21,0,0
BRDA:332,21,1,0
BRDA:337,22,0,2
BRDA:337,22,1,5
BRDA:364,23,0,0
BRDA:364,23,1,4
BRDA:371,24,0,4
BRDA:371,24,1,0
BRDA:377,25,0,2
BRDA:377,25,1,0
BRDA:377,26,0,2
BRDA:377,26,1,2
BRDA:377,27,0,2
BRDA:377,27,1,0
BRDA:382,28,0,2
BRDA:382,28,1,2
BRDA:415,29,0,1
BRDA:415,29,1,0
BRDA:422,30,0,0
BRDA:422,30,1,1
BRDA:452,31,0,7
BRDA:452,31,1,1
BRDA:458,32,0,4
BRDA:458,32,1,4
BRDA:459,33,0,4
BRDA:459,33,1,0
BRDA:471,34,0,4
BRDA:471,34,1,0
BRDA:473,35,0,0
BRDA:473,35,1,4
BRDA:480,36,0,0
BRDA:480,36,1,4
BRDA:494,37,0,4
BRDA:494,37,1,0
BRDA:496,38,0,0
BRDA:496,38,1,4
BRDA:498,39,0,4
BRDA:498,39,1,0
BRDA:504,40,0,3
BRDA:504,40,1,1
BRDA:504,41,0,4
BRDA:504,41,1,3
BRDA:510,42,0,1
BRDA:510,42,1,0
BRDA:516,43,0,2
BRDA:516,43,1,2
BRDA:517,44,0,2
BRDA:517,44,1,0
BRDA:524,45,0,2
BRDA:524,45,1,0
BRDA:529,46,0,1
BRDA:529,46,1,3
BRDA:530,47,0,0
BRDA:530,47,1,1
BRDA:537,48,0,0
BRDA:537,48,1,3
BRDA:542,49,0,0
BRDA:542,49,1,4
BRDA:542,50,0,4
BRDA:542,50,1,0
BRDA:542,51,0,0
BRDA:542,51,1,0
BRDA:549,52,0,4
BRDA:549,52,1,0
BRDA:551,53,0,2
BRDA:551,53,1,2
BRDA:552,54,0,1
BRDA:552,54,1,3
BRDA:577,55,0,4
BRDA:613,56,0,0
BRDA:613,56,1,0
BRDA:613,57,0,0
BRDA:613,57,1,0
BRDA:613,57,2,0
BRDA:646,58,0,0
BRDA:646,58,1,0
BRDA:647,59,0,0
BRDA:647,59,1,0
BRDA:648,60,0,0
BRDA:648,60,1,0
BRDA:649,61,0,0
BRDA:649,61,1,0
BRDA:650,62,0,0
BRDA:650,62,1,0
BRDA:651,63,0,0
BRDA:651,63,1,0
BRDA:654,64,0,0
BRDA:654,64,1,4
BRDA:654,65,0,4
BRDA:654,65,1,4
BRDA:659,66,0,5
BRDA:659,66,1,3
BRF:134
BRH:58
end_of_record
TN:
SF:src/lib/components/OpenCart.svelte
FN:9,create_if_block
FN:15,create
FN:22,mount
FN:26,update
FN:29,destroy
FN:45,create_fragment
FN:55,create
FN:67,claim
FN:70,mount
FN:81,update
FN:101,destroy
FN:120,instance
FN:124,(anonymous_12)
FN:126,(anonymous_13)
FN:131,(anonymous_14)
FN:135,(anonymous_15)
FN:139,(anonymous_16)
FN:150,(anonymous_17)
FNF:18
FNH:12
FNDA:1,create_if_block
FNDA:1,create
FNDA:1,mount
FNDA:0,update
FNDA:1,destroy
FNDA:2,create_fragment
FNDA:2,create
FNDA:0,claim
FNDA:2,mount
FNDA:0,update
FNDA:2,destroy
FNDA:2,instance
FNDA:2,(anonymous_12)
FNDA:2,(anonymous_13)
FNDA:0,(anonymous_14)
FNDA:0,(anonymous_15)
FNDA:0,(anonymous_16)
FNDA:2,(anonymous_17)
DA:4,1
DA:5,1
DA:6,1
DA:11,1
DA:14,1
DA:16,1
DA:17,1
DA:18,1
DA:19,1
DA:20,1
DA:23,1
DA:24,1
DA:27,0
DA:30,1
DA:34,1
DA:42,1
DA:52,2
DA:54,2
DA:56,2
DA:57,2
DA:58,2
DA:59,2
DA:60,2
DA:61,2
DA:62,2
DA:63,2
DA:64,2
DA:65,2
DA:68,0
DA:71,2
DA:72,2
DA:73,2
DA:74,2
DA:76,2
DA:77,2
DA:78,2
DA:82,0
DA:83,0
DA:84,0
DA:86,0
DA:87,0
DA:88,0
DA:90,0
DA:91,0
DA:92,0
DA:95,0
DA:96,0
DA:102,2
DA:103,2
DA:104,2
DA:105,2
DA:109,2
DA:117,2
DA:123,2
DA:124,2
DA:125,2
DA:126,2
DA:127,2
DA:128,2
DA:129,2
DA:131,2
DA:132,0
DA:135,2
DA:139,2
DA:146,2
DA:151,2
DA:152,2
DA:154,2
DA:163,1
LF:69
LH:55
BRDA:27,0,0,0
BRDA:27,0,1,0
BRDA:27,1,0,0
BRDA:27,1,1,0
BRDA:30,2,0,0
BRDA:30,2,1,1
BRDA:52,3,0,2
BRDA:52,3,1,1
BRDA:59,4,0,1
BRDA:59,4,1,1
BRDA:74,5,0,1
BRDA:74,5,1,1
BRDA:76,6,0,2
BRDA:76,6,1,0
BRDA:82,7,0,0
BRDA:82,7,1,0
BRDA:83,8,0,0
BRDA:83,8,1,0
BRDA:90,9,0,0
BRDA:90,9,1,0
BRDA:95,10,0,0
BRDA:95,10,1,0
BRDA:95,11,0,0
BRDA:95,11,1,0
BRDA:102,12,0,2
BRDA:102,12,1,0
BRDA:103,13,0,1
BRDA:103,13,1,1
BRDA:127,14,0,2
BRDA:132,15,0,0
BRDA:132,15,1,0
BRDA:132,16,0,0
BRDA:132,16,1,0
BRDA:132,16,2,0
BRDA:135,17,0,0
BRDA:135,17,1,0
BRF:36
BRH:12
end_of_record
TN:
SF:src/lib/components/ProductCard.svelte
FN:9,create_if_block_1
FN:18,create
FN:28,mount
FN:38,update
FN:43,destroy
FN:62,create_if_block
FN:80,create
FN:108,mount
FN:129,update
FN:140,destroy
FN:158,create_fragment
FN:184,create
FN:221,claim
FN:224,mount
FN:244,update
FN:285,destroy
FN:303,instance
FN:307,(anonymous_17)
FN:312,(anonymous_18)
FN:320,(anonymous_19)
FN:324,(anonymous_20)
FN:328,(anonymous_21)
FN:332,(anonymous_22)
FN:336,(anonymous_23)
FN:340,(anonymous_24)
FN:350,(anonymous_25)
FN:359,(anonymous_26)
FN:361,(anonymous_27)
FN:376,(anonymous_28)
FN:388,(anonymous_29)
FN:392,(anonymous_30)
FNF:31
FNH:21
FNDA:2,create_if_block_1
FNDA:2,create
FNDA:2,mount
FNDA:0,update
FNDA:2,destroy
FNDA:1,create_if_block
FNDA:1,create
FNDA:1,mount
FNDA:0,update
FNDA:1,destroy
FNDA:2,create_fragment
FNDA:2,create
FNDA:0,claim
FNDA:2,mount
FNDA:1,update
FNDA:2,destroy
FNDA:2,instance
FNDA:3,(anonymous_17)
FNDA:2,(anonymous_18)
FNDA:2,(anonymous_19)
FNDA:1,(anonymous_20)
FNDA:0,(anonymous_21)
FNDA:0,(anonymous_22)
FNDA:0,(anonymous_23)
FNDA:0,(anonymous_24)
FNDA:0,(anonymous_25)
FNDA:3,(anonymous_26)
FNDA:1,(anonymous_27)
FNDA:2,(anonymous_28)
FNDA:0,(anonymous_29)
FNDA:0,(anonymous_30)
DA:4,1
DA:5,1
DA:6,1
DA:17,2
DA:19,2
DA:20,2
DA:21,2
DA:22,2
DA:23,2
DA:24,2
DA:25,2
DA:26,2
DA:29,2
DA:30,2
DA:31,2
DA:33,2
DA:34,2
DA:35,2
DA:39,0
DA:40,0
DA:44,2
DA:45,2
DA:46,2
DA:50,2
DA:58,2
DA:70,1
DA:79,1
DA:81,1
DA:82,1
DA:83,1
DA:84,1
DA:85,1
DA:86,1
DA:87,1
DA:88,1
DA:89,1
DA:90,1
DA:91,1
DA:92,1
DA:93,1
DA:94,1
DA:95,1
DA:96,1
DA:97,1
DA:98,1
DA:99,1
DA:100,1
DA:101,1
DA:102,1
DA:103,1
DA:104,1
DA:105,1
DA:106,1
DA:109,1
DA:110,1
DA:111,1
DA:112,1
DA:113,1
DA:114,1
DA:115,1
DA:116,1
DA:117,1
DA:118,1
DA:120,1
DA:121,1
DA:126,1
DA:130,0
DA:131,0
DA:134,0
DA:136,0
DA:137,0
DA:141,1
DA:142,1
DA:143,1
DA:147,1
DA:155,1
DA:167,2
DA:172,2
DA:176,2
DA:180,2
DA:181,2
DA:183,2
DA:185,2
DA:186,2
DA:187,2
DA:188,2
DA:189,2
DA:190,2
DA:191,2
DA:192,2
DA:193,2
DA:194,2
DA:195,2
DA:196,2
DA:197,2
DA:198,2
DA:199,2
DA:200,2
DA:201,2
DA:202,2
DA:203,2
DA:204,2
DA:205,2
DA:206,2
DA:207,2
DA:208,2
DA:209,2
DA:210,2
DA:211,2
DA:212,2
DA:213,2
DA:214,2
DA:215,2
DA:216,2
DA:217,2
DA:218,2
DA:219,2
DA:222,0
DA:225,2
DA:226,2
DA:227,2
DA:228,2
DA:229,2
DA:230,2
DA:231,2
DA:232,2
DA:233,2
DA:234,2
DA:235,2
DA:236,2
DA:237,2
DA:238,2
DA:239,2
DA:240,2
DA:241,2
DA:242,2
DA:245,1
DA:246,0
DA:249,1
DA:250,0
DA:253,1
DA:254,1
DA:255,1
DA:257,1
DA:258,0
DA:259,0
DA:261,0
DA:262,0
DA:263,0
DA:265,1
DA:266,1
DA:267,1
DA:270,1
DA:271,1
DA:272,0
DA:274,1
DA:275,1
DA:276,1
DA:278,0
DA:279,0
DA:280,0
DA:286,2
DA:287,2
DA:288,2
DA:292,2
DA:300,2
DA:306,2
DA:307,3
DA:308,2
DA:309,2
DA:310,2
DA:312,2
DA:313,2
DA:314,0
DA:318,2
DA:320,2
DA:321,2
DA:324,2
DA:325,1
DA:328,2
DA:329,0
DA:332,2
DA:333,0
DA:336,2
DA:337,0
DA:340,2
DA:350,2
DA:351,0
DA:352,0
DA:355,2
DA:356,0
DA:359,2
DA:360,3
DA:361,3
DA:365,2
DA:377,2
DA:378,2
DA:380,2
DA:389,0
DA:393,0
DA:394,0
DA:398,1
LF:202
LH:173
BRDA:33,0,0,2
BRDA:33,0,1,0
BRDA:39,1,0,0
BRDA:39,1,1,0
BRDA:39,2,0,0
BRDA:39,2,1,0
BRDA:44,3,0,1
BRDA:44,3,1,1
BRDA:120,4,0,1
BRDA:120,4,1,0
BRDA:130,5,0,0
BRDA:130,5,1,0
BRDA:130,6,0,0
BRDA:130,6,1,0
BRDA:134,7,0,0
BRDA:134,7,1,0
BRDA:134,8,0,0
BRDA:134,8,1,0
BRDA:136,9,0,0
BRDA:136,9,1,0
BRDA:136,10,0,0
BRDA:136,10,1,0
BRDA:141,11,0,0
BRDA:141,11,1,1
BRDA:180,12,0,2
BRDA:180,12,1,2
BRDA:181,13,0,2
BRDA:181,13,1,0
BRDA:200,14,0,2
BRDA:200,14,1,0
BRDA:202,15,0,0
BRDA:202,15,1,2
BRDA:204,16,0,2
BRDA:204,16,1,0
BRDA:240,17,0,2
BRDA:240,17,1,0
BRDA:242,18,0,0
BRDA:242,18,1,2
BRDA:245,19,0,0
BRDA:245,19,1,1
BRDA:245,20,0,1
BRDA:245,20,1,0
BRDA:249,21,0,0
BRDA:249,21,1,1
BRDA:249,22,0,1
BRDA:249,22,1,0
BRDA:253,23,0,0
BRDA:253,23,1,1
BRDA:253,24,0,1
BRDA:253,24,1,0
BRDA:254,25,0,0
BRDA:254,25,1,1
BRDA:254,26,0,1
BRDA:254,26,1,0
BRDA:255,27,0,0
BRDA:255,27,1,1
BRDA:255,28,0,1
BRDA:255,28,1,0
BRDA:257,29,0,0
BRDA:257,29,1,1
BRDA:258,30,0,0
BRDA:258,30,1,0
BRDA:265,31,0,1
BRDA:265,31,1,0
BRDA:270,32,0,1
BRDA:270,32,1,0
BRDA:271,33,0,0
BRDA:271,33,1,1
BRDA:278,34,0,0
BRDA:278,34,1,0
BRDA:286,35,0,2
BRDA:286,35,1,0
BRDA:287,36,0,1
BRDA:287,36,1,1
BRDA:288,37,0,1
BRDA:288,37,1,1
BRDA:308,38,0,2
BRDA:313,39,0,0
BRDA:313,39,1,2
BRDA:313,40,0,2
BRDA:313,40,1,0
BRDA:313,41,0,0
BRDA:313,41,1,0
BRDA:321,42,0,0
BRDA:321,42,1,2
BRDA:321,43,0,2
BRDA:321,43,1,0
BRDA:321,43,2,0
BRDA:337,44,0,0
BRDA:337,44,1,0
BRDA:351,45,0,0
BRDA:351,45,1,0
BRDA:352,46,0,0
BRDA:352,46,1,0
BRDA:355,47,0,0
BRDA:355,47,1,2
BRDA:355,48,0,2
BRDA:355,48,1,2
BRDA:360,49,0,3
BRDA:360,49,1,0
BRDA:361,50,0,1
BRDA:361,50,1,0
BRF:102
BRH:42
end_of_record
TN:
SF:src/lib/stores/shoppingCart.ts
FN:7,(anonymous_0)
FN:26,(anonymous_1)
FN:37,(anonymous_2)
FN:47,(anonymous_3)
FN:62,(anonymous_4)
FNF:5
FNH:4
FNDA:2,(anonymous_0)
FNDA:3,(anonymous_1)
FNDA:0,(anonymous_2)
FNDA:1,(anonymous_3)
FNDA:3,(anonymous_4)
DA:2,4
DA:3,4
DA:4,4
DA:5,4
DA:6,4
DA:7,4
DA:8,2
DA:9,2
DA:10,0
DA:11,0
DA:12,0
DA:13,0
DA:14,0
DA:15,0
DA:16,0
DA:18,0
DA:21,2
DA:22,2
DA:23,2
DA:25,4
DA:26,4
DA:27,3
DA:28,3
DA:29,0
DA:30,0
DA:31,0
DA:32,0
DA:33,0
DA:34,0
DA:37,0
DA:38,0
DA:40,0
DA:42,0
DA:46,4
DA:47,4
DA:48,1
DA:49,1
DA:50,1
DA:51,1
DA:52,1
DA:53,1
DA:54,1
DA:55,1
DA:57,0
DA:61,4
DA:62,4
DA:63,3
DA:64,3
DA:66,4
DA:67,4
LF:50
LH:31
BRDA:9,0,0,0
BRDA:9,0,1,2
BRDA:11,1,0,0
BRDA:11,1,1,0
BRDA:28,2,0,0
BRDA:28,2,1,3
BRDA:30,3,0,0
BRDA:30,3,1,0
BRDA:31,4,0,0
BRDA:31,4,1,0
BRDA:49,5,0,1
BRDA:49,5,1,0
BRDA:51,6,0,1
BRDA:51,6,1,0
BRF:14
BRH:4
end_of_record
